[2024-12-05 16:29:35:316 ] [32m[background-preinit][0;39m [34mINFO [0;39m o.h.v.i.u.Version - HV000001: Hibernate Validator 8.0.1.Final
[2024-12-05 16:29:35:334 ] [32m[main][0;39m [34mINFO [0;39m s.c.CommerceApplication - Starting CommerceApplication using Java 17.0.12 with PID 15020 (/Users/daewon/Study/Project/ShoppingMall_Commerce/shoppingmall/build/classes/java/main started by daewon in /Users/daewon/Study/Project/ShoppingMall_Commerce/shoppingmall)
[2024-12-05 16:29:35:335 ] [32m[main][0;39m [34mINFO [0;39m s.c.CommerceApplication - The following 1 profile is active: "dev"
[2024-12-05 16:29:35:704 ] [32m[main][0;39m [34mINFO [0;39m o.s.d.r.c.RepositoryConfigurationDelegate - Multiple Spring Data modules found, entering strict repository configuration mode
[2024-12-05 16:29:35:705 ] [32m[main][0;39m [34mINFO [0;39m o.s.d.r.c.RepositoryConfigurationDelegate - Bootstrapping Spring Data JPA repositories in DEFAULT mode.
[2024-12-05 16:29:35:799 ] [32m[main][0;39m [34mINFO [0;39m o.s.d.r.c.RepositoryConfigurationDelegate - Finished Spring Data repository scanning in 90 ms. Found 11 JPA repository interfaces.
[2024-12-05 16:29:35:807 ] [32m[main][0;39m [34mINFO [0;39m o.s.d.r.c.RepositoryConfigurationDelegate - Multiple Spring Data modules found, entering strict repository configuration mode
[2024-12-05 16:29:35:807 ] [32m[main][0;39m [34mINFO [0;39m o.s.d.r.c.RepositoryConfigurationDelegate - Bootstrapping Spring Data Redis repositories in DEFAULT mode.
[2024-12-05 16:29:35:817 ] [32m[main][0;39m [34mINFO [0;39m o.s.d.r.c.RepositoryConfigurationExtensionSupport - Spring Data Redis - Could not safely identify store assignment for repository candidate interface shppingmall.commerce.cart.repository.CartProductRepository; If you want this repository to be a Redis repository, consider annotating your entities with one of these annotations: org.springframework.data.redis.core.RedisHash (preferred), or consider extending one of the following types with your repository: org.springframework.data.keyvalue.repository.KeyValueRepository
[2024-12-05 16:29:35:817 ] [32m[main][0;39m [34mINFO [0;39m o.s.d.r.c.RepositoryConfigurationExtensionSupport - Spring Data Redis - Could not safely identify store assignment for repository candidate interface shppingmall.commerce.cart.repository.CartRepository; If you want this repository to be a Redis repository, consider annotating your entities with one of these annotations: org.springframework.data.redis.core.RedisHash (preferred), or consider extending one of the following types with your repository: org.springframework.data.keyvalue.repository.KeyValueRepository
[2024-12-05 16:29:35:817 ] [32m[main][0;39m [34mINFO [0;39m o.s.d.r.c.RepositoryConfigurationExtensionSupport - Spring Data Redis - Could not safely identify store assignment for repository candidate interface shppingmall.commerce.category.repository.CategoryRepository; If you want this repository to be a Redis repository, consider annotating your entities with one of these annotations: org.springframework.data.redis.core.RedisHash (preferred), or consider extending one of the following types with your repository: org.springframework.data.keyvalue.repository.KeyValueRepository
[2024-12-05 16:29:35:817 ] [32m[main][0;39m [34mINFO [0;39m o.s.d.r.c.RepositoryConfigurationExtensionSupport - Spring Data Redis - Could not safely identify store assignment for repository candidate interface shppingmall.commerce.chat.repository.MessageRepository; If you want this repository to be a Redis repository, consider annotating your entities with one of these annotations: org.springframework.data.redis.core.RedisHash (preferred), or consider extending one of the following types with your repository: org.springframework.data.keyvalue.repository.KeyValueRepository
[2024-12-05 16:29:35:817 ] [32m[main][0;39m [34mINFO [0;39m o.s.d.r.c.RepositoryConfigurationExtensionSupport - Spring Data Redis - Could not safely identify store assignment for repository candidate interface shppingmall.commerce.image.repository.ImageRepository; If you want this repository to be a Redis repository, consider annotating your entities with one of these annotations: org.springframework.data.redis.core.RedisHash (preferred), or consider extending one of the following types with your repository: org.springframework.data.keyvalue.repository.KeyValueRepository
[2024-12-05 16:29:35:817 ] [32m[main][0;39m [34mINFO [0;39m o.s.d.r.c.RepositoryConfigurationExtensionSupport - Spring Data Redis - Could not safely identify store assignment for repository candidate interface shppingmall.commerce.message.repository.ChatRoomRepository; If you want this repository to be a Redis repository, consider annotating your entities with one of these annotations: org.springframework.data.redis.core.RedisHash (preferred), or consider extending one of the following types with your repository: org.springframework.data.keyvalue.repository.KeyValueRepository
[2024-12-05 16:29:35:818 ] [32m[main][0;39m [34mINFO [0;39m o.s.d.r.c.RepositoryConfigurationExtensionSupport - Spring Data Redis - Could not safely identify store assignment for repository candidate interface shppingmall.commerce.order.repository.OrderProductRepository; If you want this repository to be a Redis repository, consider annotating your entities with one of these annotations: org.springframework.data.redis.core.RedisHash (preferred), or consider extending one of the following types with your repository: org.springframework.data.keyvalue.repository.KeyValueRepository
[2024-12-05 16:29:35:818 ] [32m[main][0;39m [34mINFO [0;39m o.s.d.r.c.RepositoryConfigurationExtensionSupport - Spring Data Redis - Could not safely identify store assignment for repository candidate interface shppingmall.commerce.order.repository.OrderRepository; If you want this repository to be a Redis repository, consider annotating your entities with one of these annotations: org.springframework.data.redis.core.RedisHash (preferred), or consider extending one of the following types with your repository: org.springframework.data.keyvalue.repository.KeyValueRepository
[2024-12-05 16:29:35:818 ] [32m[main][0;39m [34mINFO [0;39m o.s.d.r.c.RepositoryConfigurationExtensionSupport - Spring Data Redis - Could not safely identify store assignment for repository candidate interface shppingmall.commerce.payment.repository.PaymentRepository; If you want this repository to be a Redis repository, consider annotating your entities with one of these annotations: org.springframework.data.redis.core.RedisHash (preferred), or consider extending one of the following types with your repository: org.springframework.data.keyvalue.repository.KeyValueRepository
[2024-12-05 16:29:35:818 ] [32m[main][0;39m [34mINFO [0;39m o.s.d.r.c.RepositoryConfigurationExtensionSupport - Spring Data Redis - Could not safely identify store assignment for repository candidate interface shppingmall.commerce.product.repository.ProductRepository; If you want this repository to be a Redis repository, consider annotating your entities with one of these annotations: org.springframework.data.redis.core.RedisHash (preferred), or consider extending one of the following types with your repository: org.springframework.data.keyvalue.repository.KeyValueRepository
[2024-12-05 16:29:35:818 ] [32m[main][0;39m [34mINFO [0;39m o.s.d.r.c.RepositoryConfigurationExtensionSupport - Spring Data Redis - Could not safely identify store assignment for repository candidate interface shppingmall.commerce.user.repository.UserRepository; If you want this repository to be a Redis repository, consider annotating your entities with one of these annotations: org.springframework.data.redis.core.RedisHash (preferred), or consider extending one of the following types with your repository: org.springframework.data.keyvalue.repository.KeyValueRepository
[2024-12-05 16:29:35:818 ] [32m[main][0;39m [34mINFO [0;39m o.s.d.r.c.RepositoryConfigurationDelegate - Finished Spring Data repository scanning in 7 ms. Found 0 Redis repository interfaces.
[2024-12-05 16:29:35:919 ] [32m[main][0;39m [34mINFO [0;39m o.s.c.c.s.GenericScope - BeanFactory id=43e138e3-0936-3bd5-9221-8b5f5b2aad48
[2024-12-05 16:29:35:951 ] [32m[main][0;39m [34mINFO [0;39m o.s.c.s.PostProcessorRegistrationDelegate$BeanPostProcessorChecker - Bean 'shppingmall.commerce.payment.feign.PaymentClient' of type [org.springframework.cloud.openfeign.FeignClientFactoryBean] is not eligible for getting processed by all BeanPostProcessors (for example: not eligible for auto-proxying)
[2024-12-05 16:29:35:1077] [32m[main][0;39m [34mINFO [0;39m o.s.b.w.e.t.TomcatWebServer - Tomcat initialized with port(s): 8080 (http)
[2024-12-05 16:29:35:1080] [32m[main][0;39m [34mINFO [0;39m o.a.c.h.Http11NioProtocol - Initializing ProtocolHandler ["http-nio-8080"]
[2024-12-05 16:29:35:1081] [32m[main][0;39m [34mINFO [0;39m o.a.c.c.StandardService - Starting service [Tomcat]
[2024-12-05 16:29:35:1081] [32m[main][0;39m [34mINFO [0;39m o.a.c.c.StandardEngine - Starting Servlet engine: [Apache Tomcat/10.1.20]
[2024-12-05 16:29:35:1127] [32m[main][0;39m [34mINFO [0;39m o.a.c.c.C.[.[.[/] - Initializing Spring embedded WebApplicationContext
[2024-12-05 16:29:35:1127] [32m[main][0;39m [34mINFO [0;39m o.s.b.w.s.c.ServletWebServerApplicationContext - Root WebApplicationContext: initialization completed in 774 ms
[2024-12-05 16:29:36:1516] [32m[main][0;39m [34mINFO [0;39m o.h.j.i.u.LogHelper - HHH000204: Processing PersistenceUnitInfo [name: default]
[2024-12-05 16:29:36:1541] [32m[main][0;39m [34mINFO [0;39m o.h.Version - HHH000412: Hibernate ORM core version 6.2.24.Final
[2024-12-05 16:29:36:1542] [32m[main][0;39m [34mINFO [0;39m o.h.c.Environment - HHH000406: Using bytecode reflection optimizer
[2024-12-05 16:29:36:1654] [32m[main][0;39m [34mINFO [0;39m o.s.o.j.p.SpringPersistenceUnitInfo - No LoadTimeWeaver setup: ignoring JPA class transformer
[2024-12-05 16:29:36:1665] [32m[main][0;39m [34mINFO [0;39m c.z.h.HikariDataSource - HikariPool-1 - Starting...
[2024-12-05 16:29:36:1736] [32m[main][0;39m [34mINFO [0;39m c.z.h.p.HikariPool - HikariPool-1 - Added connection com.mysql.cj.jdbc.ConnectionImpl@582b14e2
[2024-12-05 16:29:36:1737] [32m[main][0;39m [34mINFO [0;39m c.z.h.HikariDataSource - HikariPool-1 - Start completed.
[2024-12-05 16:29:37:2168] [32m[main][0;39m [34mINFO [0;39m o.h.e.t.j.p.i.JtaPlatformInitiator - HHH000489: No JTA platform available (set 'hibernate.transaction.jta.platform' to enable JTA platform integration)
[2024-12-05 16:29:37:2199] [32m[main][0;39m [34mINFO [0;39m p6spy - #1733383777048 | took 1ms | statement | connection 1| url jdbc:mysql://localhost:3306/ShoppingMall?useSSL=false&allowPublicKeyRetrieval=true&characterEncoding=UTF-8&serverTimezone=UTC
select * from `ShoppingMall`.`user` where 1=0
select * from `ShoppingMall`.`user` where 1=0;
[2024-12-05 16:29:37:2203] [32m[main][0;39m [34mINFO [0;39m p6spy - #1733383777052 | took 0ms | statement | connection 1| url jdbc:mysql://localhost:3306/ShoppingMall?useSSL=false&allowPublicKeyRetrieval=true&characterEncoding=UTF-8&serverTimezone=UTC
select * from `ShoppingMall`.`cart` where 1=0
select * from `ShoppingMall`.`cart` where 1=0;
[2024-12-05 16:29:37:2204] [32m[main][0;39m [34mINFO [0;39m p6spy - #1733383777053 | took 0ms | statement | connection 1| url jdbc:mysql://localhost:3306/ShoppingMall?useSSL=false&allowPublicKeyRetrieval=true&characterEncoding=UTF-8&serverTimezone=UTC
select * from `ShoppingMall`.`product` where 1=0
select * from `ShoppingMall`.`product` where 1=0;
[2024-12-05 16:29:37:2208] [32m[main][0;39m [34mINFO [0;39m p6spy - #1733383777057 | took 0ms | statement | connection 1| url jdbc:mysql://localhost:3306/ShoppingMall?useSSL=false&allowPublicKeyRetrieval=true&characterEncoding=UTF-8&serverTimezone=UTC
select * from `ShoppingMall`.`product` where 1=0
select * from `ShoppingMall`.`product` where 1=0;
[2024-12-05 16:29:37:2209] [32m[main][0;39m [34mINFO [0;39m p6spy - #1733383777058 | took 0ms | statement | connection 1| url jdbc:mysql://localhost:3306/ShoppingMall?useSSL=false&allowPublicKeyRetrieval=true&characterEncoding=UTF-8&serverTimezone=UTC
select * from `ShoppingMall`.`user` where 1=0
select * from `ShoppingMall`.`user` where 1=0;
[2024-12-05 16:29:37:2211] [32m[main][0;39m [34mINFO [0;39m p6spy - #1733383777060 | took 0ms | statement | connection 1| url jdbc:mysql://localhost:3306/ShoppingMall?useSSL=false&allowPublicKeyRetrieval=true&characterEncoding=UTF-8&serverTimezone=UTC
select * from `ShoppingMall`.`user` where 1=0
select * from `ShoppingMall`.`user` where 1=0;
[2024-12-05 16:29:37:2214] [32m[main][0;39m [34mINFO [0;39m p6spy - #1733383777063 | took 0ms | statement | connection 1| url jdbc:mysql://localhost:3306/ShoppingMall?useSSL=false&allowPublicKeyRetrieval=true&characterEncoding=UTF-8&serverTimezone=UTC
select * from `ShoppingMall`.`chat_room` where 1=0
select * from `ShoppingMall`.`chat_room` where 1=0;
[2024-12-05 16:29:37:2215] [32m[main][0;39m [34mINFO [0;39m p6spy - #1733383777064 | took 0ms | statement | connection 1| url jdbc:mysql://localhost:3306/ShoppingMall?useSSL=false&allowPublicKeyRetrieval=true&characterEncoding=UTF-8&serverTimezone=UTC
select * from `ShoppingMall`.`user` where 1=0
select * from `ShoppingMall`.`user` where 1=0;
[2024-12-05 16:29:37:2219] [32m[main][0;39m [34mINFO [0;39m p6spy - #1733383777068 | took 0ms | statement | connection 1| url jdbc:mysql://localhost:3306/ShoppingMall?useSSL=false&allowPublicKeyRetrieval=true&characterEncoding=UTF-8&serverTimezone=UTC
select * from `ShoppingMall`.`orders` where 1=0
select * from `ShoppingMall`.`orders` where 1=0;
[2024-12-05 16:29:37:2220] [32m[main][0;39m [34mINFO [0;39m p6spy - #1733383777069 | took 0ms | statement | connection 1| url jdbc:mysql://localhost:3306/ShoppingMall?useSSL=false&allowPublicKeyRetrieval=true&characterEncoding=UTF-8&serverTimezone=UTC
select * from `ShoppingMall`.`product` where 1=0
select * from `ShoppingMall`.`product` where 1=0;
[2024-12-05 16:29:37:2223] [32m[main][0;39m [34mINFO [0;39m p6spy - #1733383777072 | took 0ms | statement | connection 1| url jdbc:mysql://localhost:3306/ShoppingMall?useSSL=false&allowPublicKeyRetrieval=true&characterEncoding=UTF-8&serverTimezone=UTC
select * from `ShoppingMall`.`cart` where 1=0
select * from `ShoppingMall`.`cart` where 1=0;
[2024-12-05 16:29:37:2224] [32m[main][0;39m [34mINFO [0;39m p6spy - #1733383777073 | took 0ms | statement | connection 1| url jdbc:mysql://localhost:3306/ShoppingMall?useSSL=false&allowPublicKeyRetrieval=true&characterEncoding=UTF-8&serverTimezone=UTC
select * from `ShoppingMall`.`user` where 1=0
select * from `ShoppingMall`.`user` where 1=0;
[2024-12-05 16:29:37:2228] [32m[main][0;39m [34mINFO [0;39m p6spy - #1733383777077 | took 0ms | statement | connection 1| url jdbc:mysql://localhost:3306/ShoppingMall?useSSL=false&allowPublicKeyRetrieval=true&characterEncoding=UTF-8&serverTimezone=UTC
select * from `ShoppingMall`.`category` where 1=0
select * from `ShoppingMall`.`category` where 1=0;
[2024-12-05 16:29:37:2229] [32m[main][0;39m [34mINFO [0;39m p6spy - #1733383777078 | took 0ms | statement | connection 1| url jdbc:mysql://localhost:3306/ShoppingMall?useSSL=false&allowPublicKeyRetrieval=true&characterEncoding=UTF-8&serverTimezone=UTC
select * from `ShoppingMall`.`user` where 1=0
select * from `ShoppingMall`.`user` where 1=0;
[2024-12-05 16:29:37:2232] [32m[main][0;39m [34mINFO [0;39m p6spy - #1733383777081 | took 0ms | statement | connection 1| url jdbc:mysql://localhost:3306/ShoppingMall?useSSL=false&allowPublicKeyRetrieval=true&characterEncoding=UTF-8&serverTimezone=UTC
select * from `ShoppingMall`.`orders` where 1=0
select * from `ShoppingMall`.`orders` where 1=0;
[2024-12-05 16:29:37:2233] [32m[main][0;39m [34mINFO [0;39m o.s.o.j.LocalContainerEntityManagerFactoryBean - Initialized JPA EntityManagerFactory for persistence unit 'default'
[2024-12-05 16:29:37:2359] [32m[main][0;39m [34mINFO [0;39m o.s.d.j.r.q.QueryEnhancerFactory - Hibernate is in classpath; If applicable, HQL parser will be used.
[2024-12-05 16:29:37:2774] [32m[main][0;39m [34mINFO [0;39m o.s.b.a.w.s.WelcomePageHandlerMapping - Adding welcome page template: index
[2024-12-05 16:29:37:2829] [32m[main][0;39m [34mINFO [0;39m o.s.s.w.DefaultSecurityFilterChain - Will secure any request with [org.springframework.security.web.session.DisableEncodeUrlFilter@5ada5fd3, org.springframework.security.web.context.request.async.WebAsyncManagerIntegrationFilter@4d36c8cb, org.springframework.security.web.context.SecurityContextHolderFilter@44c1ce5a, org.springframework.security.web.header.HeaderWriterFilter@1534fd96, org.springframework.web.filter.CorsFilter@15733aa5, org.springframework.security.web.authentication.logout.LogoutFilter@319267ad, shppingmall.commerce.global.filter.ReqResLoggingFilter@738a815c, shppingmall.commerce.global.filter.jwt.JwtFilter@3b58d05f, shppingmall.commerce.global.filter.jwt.LoginFilter@33f42420, org.springframework.security.web.savedrequest.RequestCacheAwareFilter@5bafd971, org.springframework.security.web.servletapi.SecurityContextHolderAwareRequestFilter@5dcd3a19, org.springframework.security.web.authentication.AnonymousAuthenticationFilter@487fc205, org.springframework.security.web.session.SessionManagementFilter@caf0e10, org.springframework.security.web.access.ExceptionTranslationFilter@6283ac9, org.springframework.security.web.access.intercept.AuthorizationFilter@5c24724]
[2024-12-05 16:29:37:2957] [32m[main][0;39m [34mINFO [0;39m o.a.c.h.Http11NioProtocol - Starting ProtocolHandler ["http-nio-8080"]
[2024-12-05 16:29:37:2965] [32m[main][0;39m [34mINFO [0;39m o.s.b.w.e.t.TomcatWebServer - Tomcat started on port(s): 8080 (http) with context path ''
[2024-12-05 16:29:37:2971] [32m[main][0;39m [34mINFO [0;39m s.c.CommerceApplication - Started CommerceApplication in 2.904 seconds (process running for 3.195)
[2024-12-05 16:29:40:5995] [32m[SpringApplicationShutdownHook][0;39m [34mINFO [0;39m o.s.o.j.LocalContainerEntityManagerFactoryBean - Closing JPA EntityManagerFactory for persistence unit 'default'
[2024-12-05 16:29:40:5996] [32m[SpringApplicationShutdownHook][0;39m [34mINFO [0;39m c.z.h.HikariDataSource - HikariPool-1 - Shutdown initiated...
[2024-12-05 16:29:40:6001] [32m[SpringApplicationShutdownHook][0;39m [34mINFO [0;39m c.z.h.HikariDataSource - HikariPool-1 - Shutdown completed.
[2024-12-05 16:29:41:265 ] [32m[background-preinit][0;39m [34mINFO [0;39m o.h.v.i.u.Version - HV000001: Hibernate Validator 8.0.1.Final
[2024-12-05 16:29:41:291 ] [32m[main][0;39m [34mINFO [0;39m s.c.CommerceApplication - Starting CommerceApplication using Java 17.0.12 with PID 15034 (/Users/daewon/Study/Project/ShoppingMall_Commerce/shoppingmall/build/classes/java/main started by daewon in /Users/daewon/Study/Project/ShoppingMall_Commerce/shoppingmall)
[2024-12-05 16:29:41:292 ] [32m[main][0;39m [34mINFO [0;39m s.c.CommerceApplication - The following 1 profile is active: "dev"
[2024-12-05 16:29:42:690 ] [32m[main][0;39m [34mINFO [0;39m o.s.d.r.c.RepositoryConfigurationDelegate - Multiple Spring Data modules found, entering strict repository configuration mode
[2024-12-05 16:29:42:690 ] [32m[main][0;39m [34mINFO [0;39m o.s.d.r.c.RepositoryConfigurationDelegate - Bootstrapping Spring Data JPA repositories in DEFAULT mode.
[2024-12-05 16:29:42:777 ] [32m[main][0;39m [34mINFO [0;39m o.s.d.r.c.RepositoryConfigurationDelegate - Finished Spring Data repository scanning in 84 ms. Found 11 JPA repository interfaces.
[2024-12-05 16:29:42:782 ] [32m[main][0;39m [34mINFO [0;39m o.s.d.r.c.RepositoryConfigurationDelegate - Multiple Spring Data modules found, entering strict repository configuration mode
[2024-12-05 16:29:42:783 ] [32m[main][0;39m [34mINFO [0;39m o.s.d.r.c.RepositoryConfigurationDelegate - Bootstrapping Spring Data Redis repositories in DEFAULT mode.
[2024-12-05 16:29:42:791 ] [32m[main][0;39m [34mINFO [0;39m o.s.d.r.c.RepositoryConfigurationExtensionSupport - Spring Data Redis - Could not safely identify store assignment for repository candidate interface shppingmall.commerce.cart.repository.CartProductRepository; If you want this repository to be a Redis repository, consider annotating your entities with one of these annotations: org.springframework.data.redis.core.RedisHash (preferred), or consider extending one of the following types with your repository: org.springframework.data.keyvalue.repository.KeyValueRepository
[2024-12-05 16:29:42:791 ] [32m[main][0;39m [34mINFO [0;39m o.s.d.r.c.RepositoryConfigurationExtensionSupport - Spring Data Redis - Could not safely identify store assignment for repository candidate interface shppingmall.commerce.cart.repository.CartRepository; If you want this repository to be a Redis repository, consider annotating your entities with one of these annotations: org.springframework.data.redis.core.RedisHash (preferred), or consider extending one of the following types with your repository: org.springframework.data.keyvalue.repository.KeyValueRepository
[2024-12-05 16:29:42:791 ] [32m[main][0;39m [34mINFO [0;39m o.s.d.r.c.RepositoryConfigurationExtensionSupport - Spring Data Redis - Could not safely identify store assignment for repository candidate interface shppingmall.commerce.category.repository.CategoryRepository; If you want this repository to be a Redis repository, consider annotating your entities with one of these annotations: org.springframework.data.redis.core.RedisHash (preferred), or consider extending one of the following types with your repository: org.springframework.data.keyvalue.repository.KeyValueRepository
[2024-12-05 16:29:42:791 ] [32m[main][0;39m [34mINFO [0;39m o.s.d.r.c.RepositoryConfigurationExtensionSupport - Spring Data Redis - Could not safely identify store assignment for repository candidate interface shppingmall.commerce.chat.repository.MessageRepository; If you want this repository to be a Redis repository, consider annotating your entities with one of these annotations: org.springframework.data.redis.core.RedisHash (preferred), or consider extending one of the following types with your repository: org.springframework.data.keyvalue.repository.KeyValueRepository
[2024-12-05 16:29:42:792 ] [32m[main][0;39m [34mINFO [0;39m o.s.d.r.c.RepositoryConfigurationExtensionSupport - Spring Data Redis - Could not safely identify store assignment for repository candidate interface shppingmall.commerce.image.repository.ImageRepository; If you want this repository to be a Redis repository, consider annotating your entities with one of these annotations: org.springframework.data.redis.core.RedisHash (preferred), or consider extending one of the following types with your repository: org.springframework.data.keyvalue.repository.KeyValueRepository
[2024-12-05 16:29:42:792 ] [32m[main][0;39m [34mINFO [0;39m o.s.d.r.c.RepositoryConfigurationExtensionSupport - Spring Data Redis - Could not safely identify store assignment for repository candidate interface shppingmall.commerce.message.repository.ChatRoomRepository; If you want this repository to be a Redis repository, consider annotating your entities with one of these annotations: org.springframework.data.redis.core.RedisHash (preferred), or consider extending one of the following types with your repository: org.springframework.data.keyvalue.repository.KeyValueRepository
[2024-12-05 16:29:42:792 ] [32m[main][0;39m [34mINFO [0;39m o.s.d.r.c.RepositoryConfigurationExtensionSupport - Spring Data Redis - Could not safely identify store assignment for repository candidate interface shppingmall.commerce.order.repository.OrderProductRepository; If you want this repository to be a Redis repository, consider annotating your entities with one of these annotations: org.springframework.data.redis.core.RedisHash (preferred), or consider extending one of the following types with your repository: org.springframework.data.keyvalue.repository.KeyValueRepository
[2024-12-05 16:29:42:792 ] [32m[main][0;39m [34mINFO [0;39m o.s.d.r.c.RepositoryConfigurationExtensionSupport - Spring Data Redis - Could not safely identify store assignment for repository candidate interface shppingmall.commerce.order.repository.OrderRepository; If you want this repository to be a Redis repository, consider annotating your entities with one of these annotations: org.springframework.data.redis.core.RedisHash (preferred), or consider extending one of the following types with your repository: org.springframework.data.keyvalue.repository.KeyValueRepository
[2024-12-05 16:29:42:792 ] [32m[main][0;39m [34mINFO [0;39m o.s.d.r.c.RepositoryConfigurationExtensionSupport - Spring Data Redis - Could not safely identify store assignment for repository candidate interface shppingmall.commerce.payment.repository.PaymentRepository; If you want this repository to be a Redis repository, consider annotating your entities with one of these annotations: org.springframework.data.redis.core.RedisHash (preferred), or consider extending one of the following types with your repository: org.springframework.data.keyvalue.repository.KeyValueRepository
[2024-12-05 16:29:42:792 ] [32m[main][0;39m [34mINFO [0;39m o.s.d.r.c.RepositoryConfigurationExtensionSupport - Spring Data Redis - Could not safely identify store assignment for repository candidate interface shppingmall.commerce.product.repository.ProductRepository; If you want this repository to be a Redis repository, consider annotating your entities with one of these annotations: org.springframework.data.redis.core.RedisHash (preferred), or consider extending one of the following types with your repository: org.springframework.data.keyvalue.repository.KeyValueRepository
[2024-12-05 16:29:42:792 ] [32m[main][0;39m [34mINFO [0;39m o.s.d.r.c.RepositoryConfigurationExtensionSupport - Spring Data Redis - Could not safely identify store assignment for repository candidate interface shppingmall.commerce.user.repository.UserRepository; If you want this repository to be a Redis repository, consider annotating your entities with one of these annotations: org.springframework.data.redis.core.RedisHash (preferred), or consider extending one of the following types with your repository: org.springframework.data.keyvalue.repository.KeyValueRepository
[2024-12-05 16:29:42:792 ] [32m[main][0;39m [34mINFO [0;39m o.s.d.r.c.RepositoryConfigurationDelegate - Finished Spring Data repository scanning in 6 ms. Found 0 Redis repository interfaces.
[2024-12-05 16:29:42:879 ] [32m[main][0;39m [34mINFO [0;39m o.s.c.c.s.GenericScope - BeanFactory id=43e138e3-0936-3bd5-9221-8b5f5b2aad48
[2024-12-05 16:29:42:908 ] [32m[main][0;39m [34mINFO [0;39m o.s.c.s.PostProcessorRegistrationDelegate$BeanPostProcessorChecker - Bean 'shppingmall.commerce.payment.feign.PaymentClient' of type [org.springframework.cloud.openfeign.FeignClientFactoryBean] is not eligible for getting processed by all BeanPostProcessors (for example: not eligible for auto-proxying)
[2024-12-05 16:29:42:1027] [32m[main][0;39m [34mINFO [0;39m o.s.b.w.e.t.TomcatWebServer - Tomcat initialized with port(s): 8080 (http)
[2024-12-05 16:29:42:1030] [32m[main][0;39m [34mINFO [0;39m o.a.c.h.Http11NioProtocol - Initializing ProtocolHandler ["http-nio-8080"]
[2024-12-05 16:29:42:1031] [32m[main][0;39m [34mINFO [0;39m o.a.c.c.StandardService - Starting service [Tomcat]
[2024-12-05 16:29:42:1031] [32m[main][0;39m [34mINFO [0;39m o.a.c.c.StandardEngine - Starting Servlet engine: [Apache Tomcat/10.1.20]
[2024-12-05 16:29:42:1071] [32m[main][0;39m [34mINFO [0;39m o.a.c.c.C.[.[.[/] - Initializing Spring embedded WebApplicationContext
[2024-12-05 16:29:42:1071] [32m[main][0;39m [34mINFO [0;39m o.s.b.w.s.c.ServletWebServerApplicationContext - Root WebApplicationContext: initialization completed in 759 ms
[2024-12-05 16:29:43:1418] [32m[main][0;39m [34mINFO [0;39m o.h.j.i.u.LogHelper - HHH000204: Processing PersistenceUnitInfo [name: default]
[2024-12-05 16:29:43:1434] [32m[main][0;39m [34mINFO [0;39m o.h.Version - HHH000412: Hibernate ORM core version 6.2.24.Final
[2024-12-05 16:29:43:1435] [32m[main][0;39m [34mINFO [0;39m o.h.c.Environment - HHH000406: Using bytecode reflection optimizer
[2024-12-05 16:29:43:1528] [32m[main][0;39m [34mINFO [0;39m o.s.o.j.p.SpringPersistenceUnitInfo - No LoadTimeWeaver setup: ignoring JPA class transformer
[2024-12-05 16:29:43:1537] [32m[main][0;39m [34mINFO [0;39m c.z.h.HikariDataSource - HikariPool-1 - Starting...
[2024-12-05 16:29:43:1597] [32m[main][0;39m [34mINFO [0;39m c.z.h.p.HikariPool - HikariPool-1 - Added connection com.mysql.cj.jdbc.ConnectionImpl@611a91df
[2024-12-05 16:29:43:1598] [32m[main][0;39m [34mINFO [0;39m c.z.h.HikariDataSource - HikariPool-1 - Start completed.
[2024-12-05 16:29:43:2016] [32m[main][0;39m [34mINFO [0;39m o.h.e.t.j.p.i.JtaPlatformInitiator - HHH000489: No JTA platform available (set 'hibernate.transaction.jta.platform' to enable JTA platform integration)
[2024-12-05 16:29:43:2052] [32m[main][0;39m [34mINFO [0;39m p6spy - #1733383783756 | took 1ms | statement | connection 1| url jdbc:mysql://localhost:3306/ShoppingMall?useSSL=false&allowPublicKeyRetrieval=true&characterEncoding=UTF-8&serverTimezone=UTC
select * from `ShoppingMall`.`user` where 1=0
select * from `ShoppingMall`.`user` where 1=0;
[2024-12-05 16:29:43:2059] [32m[main][0;39m [34mINFO [0;39m p6spy - #1733383783763 | took 0ms | statement | connection 1| url jdbc:mysql://localhost:3306/ShoppingMall?useSSL=false&allowPublicKeyRetrieval=true&characterEncoding=UTF-8&serverTimezone=UTC
select * from `ShoppingMall`.`cart` where 1=0
select * from `ShoppingMall`.`cart` where 1=0;
[2024-12-05 16:29:43:2060] [32m[main][0;39m [34mINFO [0;39m p6spy - #1733383783764 | took 0ms | statement | connection 1| url jdbc:mysql://localhost:3306/ShoppingMall?useSSL=false&allowPublicKeyRetrieval=true&characterEncoding=UTF-8&serverTimezone=UTC
select * from `ShoppingMall`.`product` where 1=0
select * from `ShoppingMall`.`product` where 1=0;
[2024-12-05 16:29:43:2066] [32m[main][0;39m [34mINFO [0;39m p6spy - #1733383783770 | took 0ms | statement | connection 1| url jdbc:mysql://localhost:3306/ShoppingMall?useSSL=false&allowPublicKeyRetrieval=true&characterEncoding=UTF-8&serverTimezone=UTC
select * from `ShoppingMall`.`product` where 1=0
select * from `ShoppingMall`.`product` where 1=0;
[2024-12-05 16:29:43:2067] [32m[main][0;39m [34mINFO [0;39m p6spy - #1733383783771 | took 0ms | statement | connection 1| url jdbc:mysql://localhost:3306/ShoppingMall?useSSL=false&allowPublicKeyRetrieval=true&characterEncoding=UTF-8&serverTimezone=UTC
select * from `ShoppingMall`.`user` where 1=0
select * from `ShoppingMall`.`user` where 1=0;
[2024-12-05 16:29:43:2068] [32m[main][0;39m [34mINFO [0;39m p6spy - #1733383783772 | took 0ms | statement | connection 1| url jdbc:mysql://localhost:3306/ShoppingMall?useSSL=false&allowPublicKeyRetrieval=true&characterEncoding=UTF-8&serverTimezone=UTC
select * from `ShoppingMall`.`user` where 1=0
select * from `ShoppingMall`.`user` where 1=0;
[2024-12-05 16:29:43:2071] [32m[main][0;39m [34mINFO [0;39m p6spy - #1733383783775 | took 0ms | statement | connection 1| url jdbc:mysql://localhost:3306/ShoppingMall?useSSL=false&allowPublicKeyRetrieval=true&characterEncoding=UTF-8&serverTimezone=UTC
select * from `ShoppingMall`.`chat_room` where 1=0
select * from `ShoppingMall`.`chat_room` where 1=0;
[2024-12-05 16:29:43:2072] [32m[main][0;39m [34mINFO [0;39m p6spy - #1733383783776 | took 0ms | statement | connection 1| url jdbc:mysql://localhost:3306/ShoppingMall?useSSL=false&allowPublicKeyRetrieval=true&characterEncoding=UTF-8&serverTimezone=UTC
select * from `ShoppingMall`.`user` where 1=0
select * from `ShoppingMall`.`user` where 1=0;
[2024-12-05 16:29:43:2076] [32m[main][0;39m [34mINFO [0;39m p6spy - #1733383783780 | took 0ms | statement | connection 1| url jdbc:mysql://localhost:3306/ShoppingMall?useSSL=false&allowPublicKeyRetrieval=true&characterEncoding=UTF-8&serverTimezone=UTC
select * from `ShoppingMall`.`orders` where 1=0
select * from `ShoppingMall`.`orders` where 1=0;
[2024-12-05 16:29:43:2077] [32m[main][0;39m [34mINFO [0;39m p6spy - #1733383783781 | took 0ms | statement | connection 1| url jdbc:mysql://localhost:3306/ShoppingMall?useSSL=false&allowPublicKeyRetrieval=true&characterEncoding=UTF-8&serverTimezone=UTC
select * from `ShoppingMall`.`product` where 1=0
select * from `ShoppingMall`.`product` where 1=0;
[2024-12-05 16:29:43:2080] [32m[main][0;39m [34mINFO [0;39m p6spy - #1733383783784 | took 0ms | statement | connection 1| url jdbc:mysql://localhost:3306/ShoppingMall?useSSL=false&allowPublicKeyRetrieval=true&characterEncoding=UTF-8&serverTimezone=UTC
select * from `ShoppingMall`.`cart` where 1=0
select * from `ShoppingMall`.`cart` where 1=0;
[2024-12-05 16:29:43:2081] [32m[main][0;39m [34mINFO [0;39m p6spy - #1733383783785 | took 0ms | statement | connection 1| url jdbc:mysql://localhost:3306/ShoppingMall?useSSL=false&allowPublicKeyRetrieval=true&characterEncoding=UTF-8&serverTimezone=UTC
select * from `ShoppingMall`.`user` where 1=0
select * from `ShoppingMall`.`user` where 1=0;
[2024-12-05 16:29:43:2085] [32m[main][0;39m [34mINFO [0;39m p6spy - #1733383783789 | took 0ms | statement | connection 1| url jdbc:mysql://localhost:3306/ShoppingMall?useSSL=false&allowPublicKeyRetrieval=true&characterEncoding=UTF-8&serverTimezone=UTC
select * from `ShoppingMall`.`category` where 1=0
select * from `ShoppingMall`.`category` where 1=0;
[2024-12-05 16:29:43:2086] [32m[main][0;39m [34mINFO [0;39m p6spy - #1733383783790 | took 0ms | statement | connection 1| url jdbc:mysql://localhost:3306/ShoppingMall?useSSL=false&allowPublicKeyRetrieval=true&characterEncoding=UTF-8&serverTimezone=UTC
select * from `ShoppingMall`.`user` where 1=0
select * from `ShoppingMall`.`user` where 1=0;
[2024-12-05 16:29:43:2089] [32m[main][0;39m [34mINFO [0;39m p6spy - #1733383783793 | took 0ms | statement | connection 1| url jdbc:mysql://localhost:3306/ShoppingMall?useSSL=false&allowPublicKeyRetrieval=true&characterEncoding=UTF-8&serverTimezone=UTC
select * from `ShoppingMall`.`orders` where 1=0
select * from `ShoppingMall`.`orders` where 1=0;
[2024-12-05 16:29:43:2090] [32m[main][0;39m [34mINFO [0;39m o.s.o.j.LocalContainerEntityManagerFactoryBean - Initialized JPA EntityManagerFactory for persistence unit 'default'
[2024-12-05 16:29:43:2207] [32m[main][0;39m [34mINFO [0;39m o.s.d.j.r.q.QueryEnhancerFactory - Hibernate is in classpath; If applicable, HQL parser will be used.
[2024-12-05 16:29:44:2615] [32m[main][0;39m [34mINFO [0;39m o.s.b.a.w.s.WelcomePageHandlerMapping - Adding welcome page template: index
[2024-12-05 16:29:44:2670] [32m[main][0;39m [34mINFO [0;39m o.s.s.w.DefaultSecurityFilterChain - Will secure any request with [org.springframework.security.web.session.DisableEncodeUrlFilter@1decf3e3, org.springframework.security.web.context.request.async.WebAsyncManagerIntegrationFilter@722b4f64, org.springframework.security.web.context.SecurityContextHolderFilter@421a752b, org.springframework.security.web.header.HeaderWriterFilter@1c382494, org.springframework.web.filter.CorsFilter@5fde8cf4, org.springframework.security.web.authentication.logout.LogoutFilter@19adcb41, shppingmall.commerce.global.filter.ReqResLoggingFilter@4cd7d5e1, shppingmall.commerce.global.filter.jwt.JwtFilter@5f708ac6, shppingmall.commerce.global.filter.jwt.LoginFilter@25f90920, org.springframework.security.web.savedrequest.RequestCacheAwareFilter@d4fe4d, org.springframework.security.web.servletapi.SecurityContextHolderAwareRequestFilter@7b0ad007, org.springframework.security.web.authentication.AnonymousAuthenticationFilter@d813294, org.springframework.security.web.session.SessionManagementFilter@5dcd3a19, org.springframework.security.web.access.ExceptionTranslationFilter@5bafd971, org.springframework.security.web.access.intercept.AuthorizationFilter@44556fbd]
[2024-12-05 16:29:44:2789] [32m[main][0;39m [34mINFO [0;39m o.a.c.h.Http11NioProtocol - Starting ProtocolHandler ["http-nio-8080"]
[2024-12-05 16:29:44:2796] [32m[main][0;39m [34mINFO [0;39m o.s.b.w.e.t.TomcatWebServer - Tomcat started on port(s): 8080 (http) with context path ''
[2024-12-05 16:29:44:2803] [32m[main][0;39m [34mINFO [0;39m s.c.CommerceApplication - Started CommerceApplication in 2.757 seconds (process running for 2.956)
[2024-12-05 16:29:47:6071] [32m[SpringApplicationShutdownHook][0;39m [34mINFO [0;39m o.s.o.j.LocalContainerEntityManagerFactoryBean - Closing JPA EntityManagerFactory for persistence unit 'default'
[2024-12-05 16:29:47:6072] [32m[SpringApplicationShutdownHook][0;39m [34mINFO [0;39m c.z.h.HikariDataSource - HikariPool-1 - Shutdown initiated...
[2024-12-05 16:29:47:6075] [32m[SpringApplicationShutdownHook][0;39m [34mINFO [0;39m c.z.h.HikariDataSource - HikariPool-1 - Shutdown completed.
