[2024-12-11 22:41:27:234 ] [32m[background-preinit][0;39m [] [34mINFO [0;39m o.h.v.i.u.Version - HV000001: Hibernate Validator 8.0.1.Final
[2024-12-11 22:41:27:249 ] [32m[main][0;39m [] [34mINFO [0;39m s.c.CommerceApplication - Starting CommerceApplication using Java 17.0.12 with PID 9172 (/Users/daewon/Study/Project/ShoppingMall_Commerce/shoppingmall/build/classes/java/main started by daewon in /Users/daewon/Study/Project/ShoppingMall_Commerce/shoppingmall)
[2024-12-11 22:41:27:250 ] [32m[main][0;39m [] [34mINFO [0;39m s.c.CommerceApplication - The following 1 profile is active: "dev"
[2024-12-11 22:41:28:558 ] [32m[main][0;39m [] [34mINFO [0;39m o.s.d.r.c.RepositoryConfigurationDelegate - Multiple Spring Data modules found, entering strict repository configuration mode
[2024-12-11 22:41:28:559 ] [32m[main][0;39m [] [34mINFO [0;39m o.s.d.r.c.RepositoryConfigurationDelegate - Bootstrapping Spring Data JPA repositories in DEFAULT mode.
[2024-12-11 22:41:28:634 ] [32m[main][0;39m [] [34mINFO [0;39m o.s.d.r.c.RepositoryConfigurationDelegate - Finished Spring Data repository scanning in 72 ms. Found 11 JPA repository interfaces.
[2024-12-11 22:41:28:639 ] [32m[main][0;39m [] [34mINFO [0;39m o.s.d.r.c.RepositoryConfigurationDelegate - Multiple Spring Data modules found, entering strict repository configuration mode
[2024-12-11 22:41:28:639 ] [32m[main][0;39m [] [34mINFO [0;39m o.s.d.r.c.RepositoryConfigurationDelegate - Bootstrapping Spring Data Redis repositories in DEFAULT mode.
[2024-12-11 22:41:28:647 ] [32m[main][0;39m [] [34mINFO [0;39m o.s.d.r.c.RepositoryConfigurationExtensionSupport - Spring Data Redis - Could not safely identify store assignment for repository candidate interface shppingmall.commerce.cart.repository.CartProductRepository; If you want this repository to be a Redis repository, consider annotating your entities with one of these annotations: org.springframework.data.redis.core.RedisHash (preferred), or consider extending one of the following types with your repository: org.springframework.data.keyvalue.repository.KeyValueRepository
[2024-12-11 22:41:28:647 ] [32m[main][0;39m [] [34mINFO [0;39m o.s.d.r.c.RepositoryConfigurationExtensionSupport - Spring Data Redis - Could not safely identify store assignment for repository candidate interface shppingmall.commerce.cart.repository.CartRepository; If you want this repository to be a Redis repository, consider annotating your entities with one of these annotations: org.springframework.data.redis.core.RedisHash (preferred), or consider extending one of the following types with your repository: org.springframework.data.keyvalue.repository.KeyValueRepository
[2024-12-11 22:41:28:647 ] [32m[main][0;39m [] [34mINFO [0;39m o.s.d.r.c.RepositoryConfigurationExtensionSupport - Spring Data Redis - Could not safely identify store assignment for repository candidate interface shppingmall.commerce.category.repository.CategoryRepository; If you want this repository to be a Redis repository, consider annotating your entities with one of these annotations: org.springframework.data.redis.core.RedisHash (preferred), or consider extending one of the following types with your repository: org.springframework.data.keyvalue.repository.KeyValueRepository
[2024-12-11 22:41:28:647 ] [32m[main][0;39m [] [34mINFO [0;39m o.s.d.r.c.RepositoryConfigurationExtensionSupport - Spring Data Redis - Could not safely identify store assignment for repository candidate interface shppingmall.commerce.chat.repository.MessageRepository; If you want this repository to be a Redis repository, consider annotating your entities with one of these annotations: org.springframework.data.redis.core.RedisHash (preferred), or consider extending one of the following types with your repository: org.springframework.data.keyvalue.repository.KeyValueRepository
[2024-12-11 22:41:28:647 ] [32m[main][0;39m [] [34mINFO [0;39m o.s.d.r.c.RepositoryConfigurationExtensionSupport - Spring Data Redis - Could not safely identify store assignment for repository candidate interface shppingmall.commerce.image.repository.ImageRepository; If you want this repository to be a Redis repository, consider annotating your entities with one of these annotations: org.springframework.data.redis.core.RedisHash (preferred), or consider extending one of the following types with your repository: org.springframework.data.keyvalue.repository.KeyValueRepository
[2024-12-11 22:41:28:647 ] [32m[main][0;39m [] [34mINFO [0;39m o.s.d.r.c.RepositoryConfigurationExtensionSupport - Spring Data Redis - Could not safely identify store assignment for repository candidate interface shppingmall.commerce.message.repository.ChatRoomRepository; If you want this repository to be a Redis repository, consider annotating your entities with one of these annotations: org.springframework.data.redis.core.RedisHash (preferred), or consider extending one of the following types with your repository: org.springframework.data.keyvalue.repository.KeyValueRepository
[2024-12-11 22:41:28:648 ] [32m[main][0;39m [] [34mINFO [0;39m o.s.d.r.c.RepositoryConfigurationExtensionSupport - Spring Data Redis - Could not safely identify store assignment for repository candidate interface shppingmall.commerce.order.repository.OrderProductRepository; If you want this repository to be a Redis repository, consider annotating your entities with one of these annotations: org.springframework.data.redis.core.RedisHash (preferred), or consider extending one of the following types with your repository: org.springframework.data.keyvalue.repository.KeyValueRepository
[2024-12-11 22:41:28:648 ] [32m[main][0;39m [] [34mINFO [0;39m o.s.d.r.c.RepositoryConfigurationExtensionSupport - Spring Data Redis - Could not safely identify store assignment for repository candidate interface shppingmall.commerce.order.repository.OrderRepository; If you want this repository to be a Redis repository, consider annotating your entities with one of these annotations: org.springframework.data.redis.core.RedisHash (preferred), or consider extending one of the following types with your repository: org.springframework.data.keyvalue.repository.KeyValueRepository
[2024-12-11 22:41:28:648 ] [32m[main][0;39m [] [34mINFO [0;39m o.s.d.r.c.RepositoryConfigurationExtensionSupport - Spring Data Redis - Could not safely identify store assignment for repository candidate interface shppingmall.commerce.payment.repository.PaymentRepository; If you want this repository to be a Redis repository, consider annotating your entities with one of these annotations: org.springframework.data.redis.core.RedisHash (preferred), or consider extending one of the following types with your repository: org.springframework.data.keyvalue.repository.KeyValueRepository
[2024-12-11 22:41:28:648 ] [32m[main][0;39m [] [34mINFO [0;39m o.s.d.r.c.RepositoryConfigurationExtensionSupport - Spring Data Redis - Could not safely identify store assignment for repository candidate interface shppingmall.commerce.product.repository.ProductRepository; If you want this repository to be a Redis repository, consider annotating your entities with one of these annotations: org.springframework.data.redis.core.RedisHash (preferred), or consider extending one of the following types with your repository: org.springframework.data.keyvalue.repository.KeyValueRepository
[2024-12-11 22:41:28:648 ] [32m[main][0;39m [] [34mINFO [0;39m o.s.d.r.c.RepositoryConfigurationExtensionSupport - Spring Data Redis - Could not safely identify store assignment for repository candidate interface shppingmall.commerce.user.repository.UserRepository; If you want this repository to be a Redis repository, consider annotating your entities with one of these annotations: org.springframework.data.redis.core.RedisHash (preferred), or consider extending one of the following types with your repository: org.springframework.data.keyvalue.repository.KeyValueRepository
[2024-12-11 22:41:28:648 ] [32m[main][0;39m [] [34mINFO [0;39m o.s.d.r.c.RepositoryConfigurationDelegate - Finished Spring Data repository scanning in 6 ms. Found 0 Redis repository interfaces.
[2024-12-11 22:41:28:738 ] [32m[main][0;39m [] [34mINFO [0;39m o.s.c.c.s.GenericScope - BeanFactory id=862a42f8-fd9b-3220-8543-694188d4211c
[2024-12-11 22:41:28:770 ] [32m[main][0;39m [] [34mINFO [0;39m o.s.c.s.PostProcessorRegistrationDelegate$BeanPostProcessorChecker - Bean 'shppingmall.commerce.payment.feign.PaymentClient' of type [org.springframework.cloud.openfeign.FeignClientFactoryBean] is not eligible for getting processed by all BeanPostProcessors (for example: not eligible for auto-proxying)
[2024-12-11 22:41:28:886 ] [32m[main][0;39m [] [34mINFO [0;39m o.s.b.w.e.t.TomcatWebServer - Tomcat initialized with port(s): 8080 (http)
[2024-12-11 22:41:28:889 ] [32m[main][0;39m [] [34mINFO [0;39m o.a.c.h.Http11NioProtocol - Initializing ProtocolHandler ["http-nio-8080"]
[2024-12-11 22:41:28:890 ] [32m[main][0;39m [] [34mINFO [0;39m o.a.c.c.StandardService - Starting service [Tomcat]
[2024-12-11 22:41:28:890 ] [32m[main][0;39m [] [34mINFO [0;39m o.a.c.c.StandardEngine - Starting Servlet engine: [Apache Tomcat/10.1.20]
[2024-12-11 22:41:28:934 ] [32m[main][0;39m [] [34mINFO [0;39m o.a.c.c.C.[.[.[/] - Initializing Spring embedded WebApplicationContext
[2024-12-11 22:41:28:934 ] [32m[main][0;39m [] [34mINFO [0;39m o.s.b.w.s.c.ServletWebServerApplicationContext - Root WebApplicationContext: initialization completed in 667 ms
[2024-12-11 22:41:28:1286] [32m[main][0;39m [] [34mINFO [0;39m o.h.j.i.u.LogHelper - HHH000204: Processing PersistenceUnitInfo [name: default]
[2024-12-11 22:41:28:1302] [32m[main][0;39m [] [34mINFO [0;39m o.h.Version - HHH000412: Hibernate ORM core version 6.2.24.Final
[2024-12-11 22:41:28:1302] [32m[main][0;39m [] [34mINFO [0;39m o.h.c.Environment - HHH000406: Using bytecode reflection optimizer
[2024-12-11 22:41:29:1394] [32m[main][0;39m [] [34mINFO [0;39m o.s.o.j.p.SpringPersistenceUnitInfo - No LoadTimeWeaver setup: ignoring JPA class transformer
[2024-12-11 22:41:29:1403] [32m[main][0;39m [] [34mINFO [0;39m c.z.h.HikariDataSource - HikariPool-1 - Starting...
[2024-12-11 22:41:29:1464] [32m[main][0;39m [] [34mINFO [0;39m c.z.h.p.HikariPool - HikariPool-1 - Added connection com.mysql.cj.jdbc.ConnectionImpl@5b72b13a
[2024-12-11 22:41:29:1465] [32m[main][0;39m [] [34mINFO [0;39m c.z.h.HikariDataSource - HikariPool-1 - Start completed.
[2024-12-11 22:41:29:1863] [32m[main][0;39m [] [34mINFO [0;39m o.h.e.t.j.p.i.JtaPlatformInitiator - HHH000489: No JTA platform available (set 'hibernate.transaction.jta.platform' to enable JTA platform integration)
[2024-12-11 22:41:29:1897] [32m[main][0;39m [] [34mINFO [0;39m p6spy - #1733924489574 | took 1ms | statement | connection 1| url jdbc:mysql://localhost:3306/ShoppingMall?useSSL=false&allowPublicKeyRetrieval=true&characterEncoding=UTF-8&serverTimezone=UTC
select * from `ShoppingMall`.`user` where 1=0
select * from `ShoppingMall`.`user` where 1=0;
[2024-12-11 22:41:29:1904] [32m[main][0;39m [] [34mINFO [0;39m p6spy - #1733924489581 | took 0ms | statement | connection 1| url jdbc:mysql://localhost:3306/ShoppingMall?useSSL=false&allowPublicKeyRetrieval=true&characterEncoding=UTF-8&serverTimezone=UTC
select * from `ShoppingMall`.`cart` where 1=0
select * from `ShoppingMall`.`cart` where 1=0;
[2024-12-11 22:41:29:1906] [32m[main][0;39m [] [34mINFO [0;39m p6spy - #1733924489583 | took 0ms | statement | connection 1| url jdbc:mysql://localhost:3306/ShoppingMall?useSSL=false&allowPublicKeyRetrieval=true&characterEncoding=UTF-8&serverTimezone=UTC
select * from `ShoppingMall`.`product` where 1=0
select * from `ShoppingMall`.`product` where 1=0;
[2024-12-11 22:41:29:1909] [32m[main][0;39m [] [34mINFO [0;39m p6spy - #1733924489586 | took 0ms | statement | connection 1| url jdbc:mysql://localhost:3306/ShoppingMall?useSSL=false&allowPublicKeyRetrieval=true&characterEncoding=UTF-8&serverTimezone=UTC
select * from `ShoppingMall`.`product` where 1=0
select * from `ShoppingMall`.`product` where 1=0;
[2024-12-11 22:41:29:1910] [32m[main][0;39m [] [34mINFO [0;39m p6spy - #1733924489587 | took 0ms | statement | connection 1| url jdbc:mysql://localhost:3306/ShoppingMall?useSSL=false&allowPublicKeyRetrieval=true&characterEncoding=UTF-8&serverTimezone=UTC
select * from `ShoppingMall`.`user` where 1=0
select * from `ShoppingMall`.`user` where 1=0;
[2024-12-11 22:41:29:1911] [32m[main][0;39m [] [34mINFO [0;39m p6spy - #1733924489588 | took 0ms | statement | connection 1| url jdbc:mysql://localhost:3306/ShoppingMall?useSSL=false&allowPublicKeyRetrieval=true&characterEncoding=UTF-8&serverTimezone=UTC
select * from `ShoppingMall`.`user` where 1=0
select * from `ShoppingMall`.`user` where 1=0;
[2024-12-11 22:41:29:1914] [32m[main][0;39m [] [34mINFO [0;39m p6spy - #1733924489591 | took 0ms | statement | connection 1| url jdbc:mysql://localhost:3306/ShoppingMall?useSSL=false&allowPublicKeyRetrieval=true&characterEncoding=UTF-8&serverTimezone=UTC
select * from `ShoppingMall`.`chat_room` where 1=0
select * from `ShoppingMall`.`chat_room` where 1=0;
[2024-12-11 22:41:29:1916] [32m[main][0;39m [] [34mINFO [0;39m p6spy - #1733924489593 | took 0ms | statement | connection 1| url jdbc:mysql://localhost:3306/ShoppingMall?useSSL=false&allowPublicKeyRetrieval=true&characterEncoding=UTF-8&serverTimezone=UTC
select * from `ShoppingMall`.`user` where 1=0
select * from `ShoppingMall`.`user` where 1=0;
[2024-12-11 22:41:29:1919] [32m[main][0;39m [] [34mINFO [0;39m p6spy - #1733924489596 | took 0ms | statement | connection 1| url jdbc:mysql://localhost:3306/ShoppingMall?useSSL=false&allowPublicKeyRetrieval=true&characterEncoding=UTF-8&serverTimezone=UTC
select * from `ShoppingMall`.`orders` where 1=0
select * from `ShoppingMall`.`orders` where 1=0;
[2024-12-11 22:41:29:1920] [32m[main][0;39m [] [34mINFO [0;39m p6spy - #1733924489597 | took 0ms | statement | connection 1| url jdbc:mysql://localhost:3306/ShoppingMall?useSSL=false&allowPublicKeyRetrieval=true&characterEncoding=UTF-8&serverTimezone=UTC
select * from `ShoppingMall`.`product` where 1=0
select * from `ShoppingMall`.`product` where 1=0;
[2024-12-11 22:41:29:1923] [32m[main][0;39m [] [34mINFO [0;39m p6spy - #1733924489600 | took 0ms | statement | connection 1| url jdbc:mysql://localhost:3306/ShoppingMall?useSSL=false&allowPublicKeyRetrieval=true&characterEncoding=UTF-8&serverTimezone=UTC
select * from `ShoppingMall`.`cart` where 1=0
select * from `ShoppingMall`.`cart` where 1=0;
[2024-12-11 22:41:29:1924] [32m[main][0;39m [] [34mINFO [0;39m p6spy - #1733924489601 | took 0ms | statement | connection 1| url jdbc:mysql://localhost:3306/ShoppingMall?useSSL=false&allowPublicKeyRetrieval=true&characterEncoding=UTF-8&serverTimezone=UTC
select * from `ShoppingMall`.`user` where 1=0
select * from `ShoppingMall`.`user` where 1=0;
[2024-12-11 22:41:29:1927] [32m[main][0;39m [] [34mINFO [0;39m p6spy - #1733924489604 | took 0ms | statement | connection 1| url jdbc:mysql://localhost:3306/ShoppingMall?useSSL=false&allowPublicKeyRetrieval=true&characterEncoding=UTF-8&serverTimezone=UTC
select * from `ShoppingMall`.`category` where 1=0
select * from `ShoppingMall`.`category` where 1=0;
[2024-12-11 22:41:29:1928] [32m[main][0;39m [] [34mINFO [0;39m p6spy - #1733924489605 | took 0ms | statement | connection 1| url jdbc:mysql://localhost:3306/ShoppingMall?useSSL=false&allowPublicKeyRetrieval=true&characterEncoding=UTF-8&serverTimezone=UTC
select * from `ShoppingMall`.`user` where 1=0
select * from `ShoppingMall`.`user` where 1=0;
[2024-12-11 22:41:29:1931] [32m[main][0;39m [] [34mINFO [0;39m p6spy - #1733924489608 | took 0ms | statement | connection 1| url jdbc:mysql://localhost:3306/ShoppingMall?useSSL=false&allowPublicKeyRetrieval=true&characterEncoding=UTF-8&serverTimezone=UTC
select * from `ShoppingMall`.`orders` where 1=0
select * from `ShoppingMall`.`orders` where 1=0;
[2024-12-11 22:41:29:1932] [32m[main][0;39m [] [34mINFO [0;39m o.s.o.j.LocalContainerEntityManagerFactoryBean - Initialized JPA EntityManagerFactory for persistence unit 'default'
[2024-12-11 22:41:29:2052] [32m[main][0;39m [] [34mINFO [0;39m o.s.d.j.r.q.QueryEnhancerFactory - Hibernate is in classpath; If applicable, HQL parser will be used.
[2024-12-11 22:41:30:2462] [32m[main][0;39m [] [34mINFO [0;39m o.s.b.a.w.s.WelcomePageHandlerMapping - Adding welcome page template: index
[2024-12-11 22:41:30:2516] [32m[main][0;39m [] [34mINFO [0;39m o.s.s.w.DefaultSecurityFilterChain - Will secure any request with [org.springframework.security.web.session.DisableEncodeUrlFilter@48f7f8cc, org.springframework.security.web.session.ForceEagerSessionCreationFilter@29c15c32, org.springframework.security.web.context.request.async.WebAsyncManagerIntegrationFilter@66979fed, org.springframework.security.web.context.SecurityContextHolderFilter@8afd00e, org.springframework.security.web.header.HeaderWriterFilter@3ac726af, org.springframework.web.filter.CorsFilter@6a56a99a, org.springframework.security.web.authentication.logout.LogoutFilter@56ff0feb, shppingmall.commerce.global.filter.session.CustomLoginFilter@1d900d84, org.springframework.security.web.savedrequest.RequestCacheAwareFilter@69e0f16, org.springframework.security.web.servletapi.SecurityContextHolderAwareRequestFilter@440e28fa, org.springframework.security.web.authentication.AnonymousAuthenticationFilter@3e13f2c8, org.springframework.security.web.session.SessionManagementFilter@2ea55742, org.springframework.security.web.access.ExceptionTranslationFilter@5253aa21, org.springframework.security.web.access.intercept.AuthorizationFilter@7c83aa9a]
[2024-12-11 22:41:30:2646] [32m[main][0;39m [] [34mINFO [0;39m o.a.c.h.Http11NioProtocol - Starting ProtocolHandler ["http-nio-8080"]
[2024-12-11 22:41:30:2653] [32m[main][0;39m [] [34mINFO [0;39m o.s.b.w.e.t.TomcatWebServer - Tomcat started on port(s): 8080 (http) with context path ''
[2024-12-11 22:41:30:2660] [32m[main][0;39m [] [34mINFO [0;39m s.c.CommerceApplication - Started CommerceApplication in 2.611 seconds (process running for 2.824)
[2024-12-11 22:41:48:20667] [32m[SpringApplicationShutdownHook][0;39m [] [34mINFO [0;39m o.s.o.j.LocalContainerEntityManagerFactoryBean - Closing JPA EntityManagerFactory for persistence unit 'default'
[2024-12-11 22:41:48:20668] [32m[SpringApplicationShutdownHook][0;39m [] [34mINFO [0;39m c.z.h.HikariDataSource - HikariPool-1 - Shutdown initiated...
[2024-12-11 22:41:48:20672] [32m[SpringApplicationShutdownHook][0;39m [] [34mINFO [0;39m c.z.h.HikariDataSource - HikariPool-1 - Shutdown completed.
[2024-12-11 22:41:49:231 ] [32m[background-preinit][0;39m [] [34mINFO [0;39m o.h.v.i.u.Version - HV000001: Hibernate Validator 8.0.1.Final
[2024-12-11 22:41:49:246 ] [32m[main][0;39m [] [34mINFO [0;39m s.c.CommerceApplication - Starting CommerceApplication using Java 17.0.12 with PID 9184 (/Users/daewon/Study/Project/ShoppingMall_Commerce/shoppingmall/build/classes/java/main started by daewon in /Users/daewon/Study/Project/ShoppingMall_Commerce/shoppingmall)
[2024-12-11 22:41:49:247 ] [32m[main][0;39m [] [34mINFO [0;39m s.c.CommerceApplication - The following 1 profile is active: "dev"
[2024-12-11 22:41:49:560 ] [32m[main][0;39m [] [34mINFO [0;39m o.s.d.r.c.RepositoryConfigurationDelegate - Multiple Spring Data modules found, entering strict repository configuration mode
[2024-12-11 22:41:49:561 ] [32m[main][0;39m [] [34mINFO [0;39m o.s.d.r.c.RepositoryConfigurationDelegate - Bootstrapping Spring Data JPA repositories in DEFAULT mode.
[2024-12-11 22:41:49:640 ] [32m[main][0;39m [] [34mINFO [0;39m o.s.d.r.c.RepositoryConfigurationDelegate - Finished Spring Data repository scanning in 77 ms. Found 11 JPA repository interfaces.
[2024-12-11 22:41:49:646 ] [32m[main][0;39m [] [34mINFO [0;39m o.s.d.r.c.RepositoryConfigurationDelegate - Multiple Spring Data modules found, entering strict repository configuration mode
[2024-12-11 22:41:49:646 ] [32m[main][0;39m [] [34mINFO [0;39m o.s.d.r.c.RepositoryConfigurationDelegate - Bootstrapping Spring Data Redis repositories in DEFAULT mode.
[2024-12-11 22:41:49:655 ] [32m[main][0;39m [] [34mINFO [0;39m o.s.d.r.c.RepositoryConfigurationExtensionSupport - Spring Data Redis - Could not safely identify store assignment for repository candidate interface shppingmall.commerce.cart.repository.CartProductRepository; If you want this repository to be a Redis repository, consider annotating your entities with one of these annotations: org.springframework.data.redis.core.RedisHash (preferred), or consider extending one of the following types with your repository: org.springframework.data.keyvalue.repository.KeyValueRepository
[2024-12-11 22:41:49:655 ] [32m[main][0;39m [] [34mINFO [0;39m o.s.d.r.c.RepositoryConfigurationExtensionSupport - Spring Data Redis - Could not safely identify store assignment for repository candidate interface shppingmall.commerce.cart.repository.CartRepository; If you want this repository to be a Redis repository, consider annotating your entities with one of these annotations: org.springframework.data.redis.core.RedisHash (preferred), or consider extending one of the following types with your repository: org.springframework.data.keyvalue.repository.KeyValueRepository
[2024-12-11 22:41:49:656 ] [32m[main][0;39m [] [34mINFO [0;39m o.s.d.r.c.RepositoryConfigurationExtensionSupport - Spring Data Redis - Could not safely identify store assignment for repository candidate interface shppingmall.commerce.category.repository.CategoryRepository; If you want this repository to be a Redis repository, consider annotating your entities with one of these annotations: org.springframework.data.redis.core.RedisHash (preferred), or consider extending one of the following types with your repository: org.springframework.data.keyvalue.repository.KeyValueRepository
[2024-12-11 22:41:49:656 ] [32m[main][0;39m [] [34mINFO [0;39m o.s.d.r.c.RepositoryConfigurationExtensionSupport - Spring Data Redis - Could not safely identify store assignment for repository candidate interface shppingmall.commerce.chat.repository.MessageRepository; If you want this repository to be a Redis repository, consider annotating your entities with one of these annotations: org.springframework.data.redis.core.RedisHash (preferred), or consider extending one of the following types with your repository: org.springframework.data.keyvalue.repository.KeyValueRepository
[2024-12-11 22:41:49:656 ] [32m[main][0;39m [] [34mINFO [0;39m o.s.d.r.c.RepositoryConfigurationExtensionSupport - Spring Data Redis - Could not safely identify store assignment for repository candidate interface shppingmall.commerce.image.repository.ImageRepository; If you want this repository to be a Redis repository, consider annotating your entities with one of these annotations: org.springframework.data.redis.core.RedisHash (preferred), or consider extending one of the following types with your repository: org.springframework.data.keyvalue.repository.KeyValueRepository
[2024-12-11 22:41:49:656 ] [32m[main][0;39m [] [34mINFO [0;39m o.s.d.r.c.RepositoryConfigurationExtensionSupport - Spring Data Redis - Could not safely identify store assignment for repository candidate interface shppingmall.commerce.message.repository.ChatRoomRepository; If you want this repository to be a Redis repository, consider annotating your entities with one of these annotations: org.springframework.data.redis.core.RedisHash (preferred), or consider extending one of the following types with your repository: org.springframework.data.keyvalue.repository.KeyValueRepository
[2024-12-11 22:41:49:656 ] [32m[main][0;39m [] [34mINFO [0;39m o.s.d.r.c.RepositoryConfigurationExtensionSupport - Spring Data Redis - Could not safely identify store assignment for repository candidate interface shppingmall.commerce.order.repository.OrderProductRepository; If you want this repository to be a Redis repository, consider annotating your entities with one of these annotations: org.springframework.data.redis.core.RedisHash (preferred), or consider extending one of the following types with your repository: org.springframework.data.keyvalue.repository.KeyValueRepository
[2024-12-11 22:41:49:656 ] [32m[main][0;39m [] [34mINFO [0;39m o.s.d.r.c.RepositoryConfigurationExtensionSupport - Spring Data Redis - Could not safely identify store assignment for repository candidate interface shppingmall.commerce.order.repository.OrderRepository; If you want this repository to be a Redis repository, consider annotating your entities with one of these annotations: org.springframework.data.redis.core.RedisHash (preferred), or consider extending one of the following types with your repository: org.springframework.data.keyvalue.repository.KeyValueRepository
[2024-12-11 22:41:49:656 ] [32m[main][0;39m [] [34mINFO [0;39m o.s.d.r.c.RepositoryConfigurationExtensionSupport - Spring Data Redis - Could not safely identify store assignment for repository candidate interface shppingmall.commerce.payment.repository.PaymentRepository; If you want this repository to be a Redis repository, consider annotating your entities with one of these annotations: org.springframework.data.redis.core.RedisHash (preferred), or consider extending one of the following types with your repository: org.springframework.data.keyvalue.repository.KeyValueRepository
[2024-12-11 22:41:49:656 ] [32m[main][0;39m [] [34mINFO [0;39m o.s.d.r.c.RepositoryConfigurationExtensionSupport - Spring Data Redis - Could not safely identify store assignment for repository candidate interface shppingmall.commerce.product.repository.ProductRepository; If you want this repository to be a Redis repository, consider annotating your entities with one of these annotations: org.springframework.data.redis.core.RedisHash (preferred), or consider extending one of the following types with your repository: org.springframework.data.keyvalue.repository.KeyValueRepository
[2024-12-11 22:41:49:656 ] [32m[main][0;39m [] [34mINFO [0;39m o.s.d.r.c.RepositoryConfigurationExtensionSupport - Spring Data Redis - Could not safely identify store assignment for repository candidate interface shppingmall.commerce.user.repository.UserRepository; If you want this repository to be a Redis repository, consider annotating your entities with one of these annotations: org.springframework.data.redis.core.RedisHash (preferred), or consider extending one of the following types with your repository: org.springframework.data.keyvalue.repository.KeyValueRepository
[2024-12-11 22:41:49:657 ] [32m[main][0;39m [] [34mINFO [0;39m o.s.d.r.c.RepositoryConfigurationDelegate - Finished Spring Data repository scanning in 6 ms. Found 0 Redis repository interfaces.
[2024-12-11 22:41:50:749 ] [32m[main][0;39m [] [34mINFO [0;39m o.s.c.c.s.GenericScope - BeanFactory id=862a42f8-fd9b-3220-8543-694188d4211c
[2024-12-11 22:41:50:780 ] [32m[main][0;39m [] [34mINFO [0;39m o.s.c.s.PostProcessorRegistrationDelegate$BeanPostProcessorChecker - Bean 'shppingmall.commerce.payment.feign.PaymentClient' of type [org.springframework.cloud.openfeign.FeignClientFactoryBean] is not eligible for getting processed by all BeanPostProcessors (for example: not eligible for auto-proxying)
[2024-12-11 22:41:50:896 ] [32m[main][0;39m [] [34mINFO [0;39m o.s.b.w.e.t.TomcatWebServer - Tomcat initialized with port(s): 8080 (http)
[2024-12-11 22:41:50:899 ] [32m[main][0;39m [] [34mINFO [0;39m o.a.c.h.Http11NioProtocol - Initializing ProtocolHandler ["http-nio-8080"]
[2024-12-11 22:41:50:899 ] [32m[main][0;39m [] [34mINFO [0;39m o.a.c.c.StandardService - Starting service [Tomcat]
[2024-12-11 22:41:50:899 ] [32m[main][0;39m [] [34mINFO [0;39m o.a.c.c.StandardEngine - Starting Servlet engine: [Apache Tomcat/10.1.20]
[2024-12-11 22:41:50:946 ] [32m[main][0;39m [] [34mINFO [0;39m o.a.c.c.C.[.[.[/] - Initializing Spring embedded WebApplicationContext
[2024-12-11 22:41:50:946 ] [32m[main][0;39m [] [34mINFO [0;39m o.s.b.w.s.c.ServletWebServerApplicationContext - Root WebApplicationContext: initialization completed in 683 ms
[2024-12-11 22:41:50:1309] [32m[main][0;39m [] [34mINFO [0;39m o.h.j.i.u.LogHelper - HHH000204: Processing PersistenceUnitInfo [name: default]
[2024-12-11 22:41:50:1325] [32m[main][0;39m [] [34mINFO [0;39m o.h.Version - HHH000412: Hibernate ORM core version 6.2.24.Final
[2024-12-11 22:41:50:1326] [32m[main][0;39m [] [34mINFO [0;39m o.h.c.Environment - HHH000406: Using bytecode reflection optimizer
[2024-12-11 22:41:50:1417] [32m[main][0;39m [] [34mINFO [0;39m o.s.o.j.p.SpringPersistenceUnitInfo - No LoadTimeWeaver setup: ignoring JPA class transformer
[2024-12-11 22:41:50:1426] [32m[main][0;39m [] [34mINFO [0;39m c.z.h.HikariDataSource - HikariPool-1 - Starting...
[2024-12-11 22:41:50:1485] [32m[main][0;39m [] [34mINFO [0;39m c.z.h.p.HikariPool - HikariPool-1 - Added connection com.mysql.cj.jdbc.ConnectionImpl@5b72b13a
[2024-12-11 22:41:50:1486] [32m[main][0;39m [] [34mINFO [0;39m c.z.h.HikariDataSource - HikariPool-1 - Start completed.
[2024-12-11 22:41:51:1895] [32m[main][0;39m [] [34mINFO [0;39m o.h.e.t.j.p.i.JtaPlatformInitiator - HHH000489: No JTA platform available (set 'hibernate.transaction.jta.platform' to enable JTA platform integration)
[2024-12-11 22:41:51:1930] [32m[main][0;39m [] [34mINFO [0;39m p6spy - #1733924511221 | took 1ms | statement | connection 1| url jdbc:mysql://localhost:3306/ShoppingMall?useSSL=false&allowPublicKeyRetrieval=true&characterEncoding=UTF-8&serverTimezone=UTC
select * from `ShoppingMall`.`user` where 1=0
select * from `ShoppingMall`.`user` where 1=0;
[2024-12-11 22:41:51:1939] [32m[main][0;39m [] [34mINFO [0;39m p6spy - #1733924511230 | took 0ms | statement | connection 1| url jdbc:mysql://localhost:3306/ShoppingMall?useSSL=false&allowPublicKeyRetrieval=true&characterEncoding=UTF-8&serverTimezone=UTC
select * from `ShoppingMall`.`cart` where 1=0
select * from `ShoppingMall`.`cart` where 1=0;
[2024-12-11 22:41:51:1941] [32m[main][0;39m [] [34mINFO [0;39m p6spy - #1733924511232 | took 0ms | statement | connection 1| url jdbc:mysql://localhost:3306/ShoppingMall?useSSL=false&allowPublicKeyRetrieval=true&characterEncoding=UTF-8&serverTimezone=UTC
select * from `ShoppingMall`.`product` where 1=0
select * from `ShoppingMall`.`product` where 1=0;
[2024-12-11 22:41:51:1947] [32m[main][0;39m [] [34mINFO [0;39m p6spy - #1733924511238 | took 0ms | statement | connection 1| url jdbc:mysql://localhost:3306/ShoppingMall?useSSL=false&allowPublicKeyRetrieval=true&characterEncoding=UTF-8&serverTimezone=UTC
select * from `ShoppingMall`.`product` where 1=0
select * from `ShoppingMall`.`product` where 1=0;
[2024-12-11 22:41:51:1948] [32m[main][0;39m [] [34mINFO [0;39m p6spy - #1733924511239 | took 0ms | statement | connection 1| url jdbc:mysql://localhost:3306/ShoppingMall?useSSL=false&allowPublicKeyRetrieval=true&characterEncoding=UTF-8&serverTimezone=UTC
select * from `ShoppingMall`.`user` where 1=0
select * from `ShoppingMall`.`user` where 1=0;
[2024-12-11 22:41:51:1949] [32m[main][0;39m [] [34mINFO [0;39m p6spy - #1733924511240 | took 0ms | statement | connection 1| url jdbc:mysql://localhost:3306/ShoppingMall?useSSL=false&allowPublicKeyRetrieval=true&characterEncoding=UTF-8&serverTimezone=UTC
select * from `ShoppingMall`.`user` where 1=0
select * from `ShoppingMall`.`user` where 1=0;
[2024-12-11 22:41:51:1953] [32m[main][0;39m [] [34mINFO [0;39m p6spy - #1733924511244 | took 0ms | statement | connection 1| url jdbc:mysql://localhost:3306/ShoppingMall?useSSL=false&allowPublicKeyRetrieval=true&characterEncoding=UTF-8&serverTimezone=UTC
select * from `ShoppingMall`.`chat_room` where 1=0
select * from `ShoppingMall`.`chat_room` where 1=0;
[2024-12-11 22:41:51:1954] [32m[main][0;39m [] [34mINFO [0;39m p6spy - #1733924511245 | took 0ms | statement | connection 1| url jdbc:mysql://localhost:3306/ShoppingMall?useSSL=false&allowPublicKeyRetrieval=true&characterEncoding=UTF-8&serverTimezone=UTC
select * from `ShoppingMall`.`user` where 1=0
select * from `ShoppingMall`.`user` where 1=0;
[2024-12-11 22:41:51:1957] [32m[main][0;39m [] [34mINFO [0;39m p6spy - #1733924511248 | took 0ms | statement | connection 1| url jdbc:mysql://localhost:3306/ShoppingMall?useSSL=false&allowPublicKeyRetrieval=true&characterEncoding=UTF-8&serverTimezone=UTC
select * from `ShoppingMall`.`orders` where 1=0
select * from `ShoppingMall`.`orders` where 1=0;
[2024-12-11 22:41:51:1958] [32m[main][0;39m [] [34mINFO [0;39m p6spy - #1733924511249 | took 0ms | statement | connection 1| url jdbc:mysql://localhost:3306/ShoppingMall?useSSL=false&allowPublicKeyRetrieval=true&characterEncoding=UTF-8&serverTimezone=UTC
select * from `ShoppingMall`.`product` where 1=0
select * from `ShoppingMall`.`product` where 1=0;
[2024-12-11 22:41:51:1962] [32m[main][0;39m [] [34mINFO [0;39m p6spy - #1733924511253 | took 0ms | statement | connection 1| url jdbc:mysql://localhost:3306/ShoppingMall?useSSL=false&allowPublicKeyRetrieval=true&characterEncoding=UTF-8&serverTimezone=UTC
select * from `ShoppingMall`.`cart` where 1=0
select * from `ShoppingMall`.`cart` where 1=0;
[2024-12-11 22:41:51:1963] [32m[main][0;39m [] [34mINFO [0;39m p6spy - #1733924511254 | took 0ms | statement | connection 1| url jdbc:mysql://localhost:3306/ShoppingMall?useSSL=false&allowPublicKeyRetrieval=true&characterEncoding=UTF-8&serverTimezone=UTC
select * from `ShoppingMall`.`user` where 1=0
select * from `ShoppingMall`.`user` where 1=0;
[2024-12-11 22:41:51:1966] [32m[main][0;39m [] [34mINFO [0;39m p6spy - #1733924511257 | took 0ms | statement | connection 1| url jdbc:mysql://localhost:3306/ShoppingMall?useSSL=false&allowPublicKeyRetrieval=true&characterEncoding=UTF-8&serverTimezone=UTC
select * from `ShoppingMall`.`category` where 1=0
select * from `ShoppingMall`.`category` where 1=0;
[2024-12-11 22:41:51:1967] [32m[main][0;39m [] [34mINFO [0;39m p6spy - #1733924511258 | took 0ms | statement | connection 1| url jdbc:mysql://localhost:3306/ShoppingMall?useSSL=false&allowPublicKeyRetrieval=true&characterEncoding=UTF-8&serverTimezone=UTC
select * from `ShoppingMall`.`user` where 1=0
select * from `ShoppingMall`.`user` where 1=0;
[2024-12-11 22:41:51:1971] [32m[main][0;39m [] [34mINFO [0;39m p6spy - #1733924511262 | took 0ms | statement | connection 1| url jdbc:mysql://localhost:3306/ShoppingMall?useSSL=false&allowPublicKeyRetrieval=true&characterEncoding=UTF-8&serverTimezone=UTC
select * from `ShoppingMall`.`orders` where 1=0
select * from `ShoppingMall`.`orders` where 1=0;
[2024-12-11 22:41:51:1972] [32m[main][0;39m [] [34mINFO [0;39m o.s.o.j.LocalContainerEntityManagerFactoryBean - Initialized JPA EntityManagerFactory for persistence unit 'default'
[2024-12-11 22:41:51:2091] [32m[main][0;39m [] [34mINFO [0;39m o.s.d.j.r.q.QueryEnhancerFactory - Hibernate is in classpath; If applicable, HQL parser will be used.
[2024-12-11 22:41:51:2509] [32m[main][0;39m [] [34mINFO [0;39m o.s.b.a.w.s.WelcomePageHandlerMapping - Adding welcome page template: index
[2024-12-11 22:41:51:2565] [32m[main][0;39m [] [34mINFO [0;39m o.s.s.w.DefaultSecurityFilterChain - Will secure any request with [org.springframework.security.web.session.DisableEncodeUrlFilter@48f7f8cc, org.springframework.security.web.session.ForceEagerSessionCreationFilter@29c15c32, org.springframework.security.web.context.request.async.WebAsyncManagerIntegrationFilter@66979fed, org.springframework.security.web.context.SecurityContextHolderFilter@8afd00e, org.springframework.security.web.header.HeaderWriterFilter@3ac726af, org.springframework.web.filter.CorsFilter@6a56a99a, org.springframework.security.web.authentication.logout.LogoutFilter@56ff0feb, shppingmall.commerce.global.filter.session.CustomLoginFilter@1d900d84, org.springframework.security.web.savedrequest.RequestCacheAwareFilter@69e0f16, org.springframework.security.web.servletapi.SecurityContextHolderAwareRequestFilter@440e28fa, org.springframework.security.web.authentication.AnonymousAuthenticationFilter@3e13f2c8, org.springframework.security.web.session.SessionManagementFilter@2ea55742, org.springframework.security.web.access.ExceptionTranslationFilter@5253aa21, org.springframework.security.web.access.intercept.AuthorizationFilter@7c83aa9a]
[2024-12-11 22:41:51:2695] [32m[main][0;39m [] [34mINFO [0;39m o.a.c.h.Http11NioProtocol - Starting ProtocolHandler ["http-nio-8080"]
[2024-12-11 22:41:51:2702] [32m[main][0;39m [] [34mINFO [0;39m o.s.b.w.e.t.TomcatWebServer - Tomcat started on port(s): 8080 (http) with context path ''
[2024-12-11 22:41:51:2708] [32m[main][0;39m [] [34mINFO [0;39m s.c.CommerceApplication - Started CommerceApplication in 2.663 seconds (process running for 2.862)
[2024-12-11 22:42:17:28123] [32m[SpringApplicationShutdownHook][0;39m [] [34mINFO [0;39m o.s.o.j.LocalContainerEntityManagerFactoryBean - Closing JPA EntityManagerFactory for persistence unit 'default'
[2024-12-11 22:42:17:28125] [32m[SpringApplicationShutdownHook][0;39m [] [34mINFO [0;39m c.z.h.HikariDataSource - HikariPool-1 - Shutdown initiated...
[2024-12-11 22:42:17:28130] [32m[SpringApplicationShutdownHook][0;39m [] [34mINFO [0;39m c.z.h.HikariDataSource - HikariPool-1 - Shutdown completed.
[2024-12-11 22:42:18:238 ] [32m[background-preinit][0;39m [] [34mINFO [0;39m o.h.v.i.u.Version - HV000001: Hibernate Validator 8.0.1.Final
[2024-12-11 22:42:18:254 ] [32m[main][0;39m [] [34mINFO [0;39m s.c.CommerceApplication - Starting CommerceApplication using Java 17.0.12 with PID 9204 (/Users/daewon/Study/Project/ShoppingMall_Commerce/shoppingmall/build/classes/java/main started by daewon in /Users/daewon/Study/Project/ShoppingMall_Commerce/shoppingmall)
[2024-12-11 22:42:18:254 ] [32m[main][0;39m [] [34mINFO [0;39m s.c.CommerceApplication - The following 1 profile is active: "dev"
[2024-12-11 22:42:18:567 ] [32m[main][0;39m [] [34mINFO [0;39m o.s.d.r.c.RepositoryConfigurationDelegate - Multiple Spring Data modules found, entering strict repository configuration mode
[2024-12-11 22:42:18:567 ] [32m[main][0;39m [] [34mINFO [0;39m o.s.d.r.c.RepositoryConfigurationDelegate - Bootstrapping Spring Data JPA repositories in DEFAULT mode.
[2024-12-11 22:42:18:645 ] [32m[main][0;39m [] [34mINFO [0;39m o.s.d.r.c.RepositoryConfigurationDelegate - Finished Spring Data repository scanning in 75 ms. Found 11 JPA repository interfaces.
[2024-12-11 22:42:18:650 ] [32m[main][0;39m [] [34mINFO [0;39m o.s.d.r.c.RepositoryConfigurationDelegate - Multiple Spring Data modules found, entering strict repository configuration mode
[2024-12-11 22:42:18:651 ] [32m[main][0;39m [] [34mINFO [0;39m o.s.d.r.c.RepositoryConfigurationDelegate - Bootstrapping Spring Data Redis repositories in DEFAULT mode.
[2024-12-11 22:42:18:659 ] [32m[main][0;39m [] [34mINFO [0;39m o.s.d.r.c.RepositoryConfigurationExtensionSupport - Spring Data Redis - Could not safely identify store assignment for repository candidate interface shppingmall.commerce.cart.repository.CartProductRepository; If you want this repository to be a Redis repository, consider annotating your entities with one of these annotations: org.springframework.data.redis.core.RedisHash (preferred), or consider extending one of the following types with your repository: org.springframework.data.keyvalue.repository.KeyValueRepository
[2024-12-11 22:42:18:660 ] [32m[main][0;39m [] [34mINFO [0;39m o.s.d.r.c.RepositoryConfigurationExtensionSupport - Spring Data Redis - Could not safely identify store assignment for repository candidate interface shppingmall.commerce.cart.repository.CartRepository; If you want this repository to be a Redis repository, consider annotating your entities with one of these annotations: org.springframework.data.redis.core.RedisHash (preferred), or consider extending one of the following types with your repository: org.springframework.data.keyvalue.repository.KeyValueRepository
[2024-12-11 22:42:18:660 ] [32m[main][0;39m [] [34mINFO [0;39m o.s.d.r.c.RepositoryConfigurationExtensionSupport - Spring Data Redis - Could not safely identify store assignment for repository candidate interface shppingmall.commerce.category.repository.CategoryRepository; If you want this repository to be a Redis repository, consider annotating your entities with one of these annotations: org.springframework.data.redis.core.RedisHash (preferred), or consider extending one of the following types with your repository: org.springframework.data.keyvalue.repository.KeyValueRepository
[2024-12-11 22:42:18:660 ] [32m[main][0;39m [] [34mINFO [0;39m o.s.d.r.c.RepositoryConfigurationExtensionSupport - Spring Data Redis - Could not safely identify store assignment for repository candidate interface shppingmall.commerce.chat.repository.MessageRepository; If you want this repository to be a Redis repository, consider annotating your entities with one of these annotations: org.springframework.data.redis.core.RedisHash (preferred), or consider extending one of the following types with your repository: org.springframework.data.keyvalue.repository.KeyValueRepository
[2024-12-11 22:42:18:660 ] [32m[main][0;39m [] [34mINFO [0;39m o.s.d.r.c.RepositoryConfigurationExtensionSupport - Spring Data Redis - Could not safely identify store assignment for repository candidate interface shppingmall.commerce.image.repository.ImageRepository; If you want this repository to be a Redis repository, consider annotating your entities with one of these annotations: org.springframework.data.redis.core.RedisHash (preferred), or consider extending one of the following types with your repository: org.springframework.data.keyvalue.repository.KeyValueRepository
[2024-12-11 22:42:18:660 ] [32m[main][0;39m [] [34mINFO [0;39m o.s.d.r.c.RepositoryConfigurationExtensionSupport - Spring Data Redis - Could not safely identify store assignment for repository candidate interface shppingmall.commerce.message.repository.ChatRoomRepository; If you want this repository to be a Redis repository, consider annotating your entities with one of these annotations: org.springframework.data.redis.core.RedisHash (preferred), or consider extending one of the following types with your repository: org.springframework.data.keyvalue.repository.KeyValueRepository
[2024-12-11 22:42:18:660 ] [32m[main][0;39m [] [34mINFO [0;39m o.s.d.r.c.RepositoryConfigurationExtensionSupport - Spring Data Redis - Could not safely identify store assignment for repository candidate interface shppingmall.commerce.order.repository.OrderProductRepository; If you want this repository to be a Redis repository, consider annotating your entities with one of these annotations: org.springframework.data.redis.core.RedisHash (preferred), or consider extending one of the following types with your repository: org.springframework.data.keyvalue.repository.KeyValueRepository
[2024-12-11 22:42:18:660 ] [32m[main][0;39m [] [34mINFO [0;39m o.s.d.r.c.RepositoryConfigurationExtensionSupport - Spring Data Redis - Could not safely identify store assignment for repository candidate interface shppingmall.commerce.order.repository.OrderRepository; If you want this repository to be a Redis repository, consider annotating your entities with one of these annotations: org.springframework.data.redis.core.RedisHash (preferred), or consider extending one of the following types with your repository: org.springframework.data.keyvalue.repository.KeyValueRepository
[2024-12-11 22:42:18:661 ] [32m[main][0;39m [] [34mINFO [0;39m o.s.d.r.c.RepositoryConfigurationExtensionSupport - Spring Data Redis - Could not safely identify store assignment for repository candidate interface shppingmall.commerce.payment.repository.PaymentRepository; If you want this repository to be a Redis repository, consider annotating your entities with one of these annotations: org.springframework.data.redis.core.RedisHash (preferred), or consider extending one of the following types with your repository: org.springframework.data.keyvalue.repository.KeyValueRepository
[2024-12-11 22:42:18:661 ] [32m[main][0;39m [] [34mINFO [0;39m o.s.d.r.c.RepositoryConfigurationExtensionSupport - Spring Data Redis - Could not safely identify store assignment for repository candidate interface shppingmall.commerce.product.repository.ProductRepository; If you want this repository to be a Redis repository, consider annotating your entities with one of these annotations: org.springframework.data.redis.core.RedisHash (preferred), or consider extending one of the following types with your repository: org.springframework.data.keyvalue.repository.KeyValueRepository
[2024-12-11 22:42:18:661 ] [32m[main][0;39m [] [34mINFO [0;39m o.s.d.r.c.RepositoryConfigurationExtensionSupport - Spring Data Redis - Could not safely identify store assignment for repository candidate interface shppingmall.commerce.user.repository.UserRepository; If you want this repository to be a Redis repository, consider annotating your entities with one of these annotations: org.springframework.data.redis.core.RedisHash (preferred), or consider extending one of the following types with your repository: org.springframework.data.keyvalue.repository.KeyValueRepository
[2024-12-11 22:42:18:661 ] [32m[main][0;39m [] [34mINFO [0;39m o.s.d.r.c.RepositoryConfigurationDelegate - Finished Spring Data repository scanning in 7 ms. Found 0 Redis repository interfaces.
[2024-12-11 22:42:19:755 ] [32m[main][0;39m [] [34mINFO [0;39m o.s.c.c.s.GenericScope - BeanFactory id=862a42f8-fd9b-3220-8543-694188d4211c
[2024-12-11 22:42:19:789 ] [32m[main][0;39m [] [34mINFO [0;39m o.s.c.s.PostProcessorRegistrationDelegate$BeanPostProcessorChecker - Bean 'shppingmall.commerce.payment.feign.PaymentClient' of type [org.springframework.cloud.openfeign.FeignClientFactoryBean] is not eligible for getting processed by all BeanPostProcessors (for example: not eligible for auto-proxying)
[2024-12-11 22:42:19:904 ] [32m[main][0;39m [] [34mINFO [0;39m o.s.b.w.e.t.TomcatWebServer - Tomcat initialized with port(s): 8080 (http)
[2024-12-11 22:42:19:907 ] [32m[main][0;39m [] [34mINFO [0;39m o.a.c.h.Http11NioProtocol - Initializing ProtocolHandler ["http-nio-8080"]
[2024-12-11 22:42:19:908 ] [32m[main][0;39m [] [34mINFO [0;39m o.a.c.c.StandardService - Starting service [Tomcat]
[2024-12-11 22:42:19:908 ] [32m[main][0;39m [] [34mINFO [0;39m o.a.c.c.StandardEngine - Starting Servlet engine: [Apache Tomcat/10.1.20]
[2024-12-11 22:42:19:951 ] [32m[main][0;39m [] [34mINFO [0;39m o.a.c.c.C.[.[.[/] - Initializing Spring embedded WebApplicationContext
[2024-12-11 22:42:19:951 ] [32m[main][0;39m [] [34mINFO [0;39m o.s.b.w.s.c.ServletWebServerApplicationContext - Root WebApplicationContext: initialization completed in 681 ms
[2024-12-11 22:42:19:1292] [32m[main][0;39m [] [34mINFO [0;39m o.h.j.i.u.LogHelper - HHH000204: Processing PersistenceUnitInfo [name: default]
[2024-12-11 22:42:19:1308] [32m[main][0;39m [] [34mINFO [0;39m o.h.Version - HHH000412: Hibernate ORM core version 6.2.24.Final
[2024-12-11 22:42:19:1309] [32m[main][0;39m [] [34mINFO [0;39m o.h.c.Environment - HHH000406: Using bytecode reflection optimizer
[2024-12-11 22:42:19:1399] [32m[main][0;39m [] [34mINFO [0;39m o.s.o.j.p.SpringPersistenceUnitInfo - No LoadTimeWeaver setup: ignoring JPA class transformer
[2024-12-11 22:42:19:1408] [32m[main][0;39m [] [34mINFO [0;39m c.z.h.HikariDataSource - HikariPool-1 - Starting...
[2024-12-11 22:42:19:1472] [32m[main][0;39m [] [34mINFO [0;39m c.z.h.p.HikariPool - HikariPool-1 - Added connection com.mysql.cj.jdbc.ConnectionImpl@48cbe1c9
[2024-12-11 22:42:19:1473] [32m[main][0;39m [] [34mINFO [0;39m c.z.h.HikariDataSource - HikariPool-1 - Start completed.
[2024-12-11 22:42:20:1882] [32m[main][0;39m [] [34mINFO [0;39m o.h.e.t.j.p.i.JtaPlatformInitiator - HHH000489: No JTA platform available (set 'hibernate.transaction.jta.platform' to enable JTA platform integration)
[2024-12-11 22:42:20:1910] [32m[main][0;39m [] [34mINFO [0;39m p6spy - #1733924540198 | took 1ms | statement | connection 1| url jdbc:mysql://localhost:3306/ShoppingMall?useSSL=false&allowPublicKeyRetrieval=true&characterEncoding=UTF-8&serverTimezone=UTC
select * from `ShoppingMall`.`user` where 1=0
select * from `ShoppingMall`.`user` where 1=0;
[2024-12-11 22:42:20:1914] [32m[main][0;39m [] [34mINFO [0;39m p6spy - #1733924540202 | took 0ms | statement | connection 1| url jdbc:mysql://localhost:3306/ShoppingMall?useSSL=false&allowPublicKeyRetrieval=true&characterEncoding=UTF-8&serverTimezone=UTC
select * from `ShoppingMall`.`cart` where 1=0
select * from `ShoppingMall`.`cart` where 1=0;
[2024-12-11 22:42:20:1916] [32m[main][0;39m [] [34mINFO [0;39m p6spy - #1733924540204 | took 0ms | statement | connection 1| url jdbc:mysql://localhost:3306/ShoppingMall?useSSL=false&allowPublicKeyRetrieval=true&characterEncoding=UTF-8&serverTimezone=UTC
select * from `ShoppingMall`.`product` where 1=0
select * from `ShoppingMall`.`product` where 1=0;
[2024-12-11 22:42:20:1919] [32m[main][0;39m [] [34mINFO [0;39m p6spy - #1733924540207 | took 0ms | statement | connection 1| url jdbc:mysql://localhost:3306/ShoppingMall?useSSL=false&allowPublicKeyRetrieval=true&characterEncoding=UTF-8&serverTimezone=UTC
select * from `ShoppingMall`.`product` where 1=0
select * from `ShoppingMall`.`product` where 1=0;
[2024-12-11 22:42:20:1920] [32m[main][0;39m [] [34mINFO [0;39m p6spy - #1733924540208 | took 0ms | statement | connection 1| url jdbc:mysql://localhost:3306/ShoppingMall?useSSL=false&allowPublicKeyRetrieval=true&characterEncoding=UTF-8&serverTimezone=UTC
select * from `ShoppingMall`.`user` where 1=0
select * from `ShoppingMall`.`user` where 1=0;
[2024-12-11 22:42:20:1922] [32m[main][0;39m [] [34mINFO [0;39m p6spy - #1733924540210 | took 0ms | statement | connection 1| url jdbc:mysql://localhost:3306/ShoppingMall?useSSL=false&allowPublicKeyRetrieval=true&characterEncoding=UTF-8&serverTimezone=UTC
select * from `ShoppingMall`.`user` where 1=0
select * from `ShoppingMall`.`user` where 1=0;
[2024-12-11 22:42:20:1925] [32m[main][0;39m [] [34mINFO [0;39m p6spy - #1733924540213 | took 0ms | statement | connection 1| url jdbc:mysql://localhost:3306/ShoppingMall?useSSL=false&allowPublicKeyRetrieval=true&characterEncoding=UTF-8&serverTimezone=UTC
select * from `ShoppingMall`.`chat_room` where 1=0
select * from `ShoppingMall`.`chat_room` where 1=0;
[2024-12-11 22:42:20:1926] [32m[main][0;39m [] [34mINFO [0;39m p6spy - #1733924540214 | took 0ms | statement | connection 1| url jdbc:mysql://localhost:3306/ShoppingMall?useSSL=false&allowPublicKeyRetrieval=true&characterEncoding=UTF-8&serverTimezone=UTC
select * from `ShoppingMall`.`user` where 1=0
select * from `ShoppingMall`.`user` where 1=0;
[2024-12-11 22:42:20:1929] [32m[main][0;39m [] [34mINFO [0;39m p6spy - #1733924540217 | took 0ms | statement | connection 1| url jdbc:mysql://localhost:3306/ShoppingMall?useSSL=false&allowPublicKeyRetrieval=true&characterEncoding=UTF-8&serverTimezone=UTC
select * from `ShoppingMall`.`orders` where 1=0
select * from `ShoppingMall`.`orders` where 1=0;
[2024-12-11 22:42:20:1931] [32m[main][0;39m [] [34mINFO [0;39m p6spy - #1733924540219 | took 0ms | statement | connection 1| url jdbc:mysql://localhost:3306/ShoppingMall?useSSL=false&allowPublicKeyRetrieval=true&characterEncoding=UTF-8&serverTimezone=UTC
select * from `ShoppingMall`.`product` where 1=0
select * from `ShoppingMall`.`product` where 1=0;
[2024-12-11 22:42:20:1934] [32m[main][0;39m [] [34mINFO [0;39m p6spy - #1733924540222 | took 0ms | statement | connection 1| url jdbc:mysql://localhost:3306/ShoppingMall?useSSL=false&allowPublicKeyRetrieval=true&characterEncoding=UTF-8&serverTimezone=UTC
select * from `ShoppingMall`.`cart` where 1=0
select * from `ShoppingMall`.`cart` where 1=0;
[2024-12-11 22:42:20:1935] [32m[main][0;39m [] [34mINFO [0;39m p6spy - #1733924540223 | took 0ms | statement | connection 1| url jdbc:mysql://localhost:3306/ShoppingMall?useSSL=false&allowPublicKeyRetrieval=true&characterEncoding=UTF-8&serverTimezone=UTC
select * from `ShoppingMall`.`user` where 1=0
select * from `ShoppingMall`.`user` where 1=0;
[2024-12-11 22:42:20:1938] [32m[main][0;39m [] [34mINFO [0;39m p6spy - #1733924540226 | took 0ms | statement | connection 1| url jdbc:mysql://localhost:3306/ShoppingMall?useSSL=false&allowPublicKeyRetrieval=true&characterEncoding=UTF-8&serverTimezone=UTC
select * from `ShoppingMall`.`category` where 1=0
select * from `ShoppingMall`.`category` where 1=0;
[2024-12-11 22:42:20:1939] [32m[main][0;39m [] [34mINFO [0;39m p6spy - #1733924540227 | took 0ms | statement | connection 1| url jdbc:mysql://localhost:3306/ShoppingMall?useSSL=false&allowPublicKeyRetrieval=true&characterEncoding=UTF-8&serverTimezone=UTC
select * from `ShoppingMall`.`user` where 1=0
select * from `ShoppingMall`.`user` where 1=0;
[2024-12-11 22:42:20:1942] [32m[main][0;39m [] [34mINFO [0;39m p6spy - #1733924540230 | took 0ms | statement | connection 1| url jdbc:mysql://localhost:3306/ShoppingMall?useSSL=false&allowPublicKeyRetrieval=true&characterEncoding=UTF-8&serverTimezone=UTC
select * from `ShoppingMall`.`orders` where 1=0
select * from `ShoppingMall`.`orders` where 1=0;
[2024-12-11 22:42:20:1943] [32m[main][0;39m [] [34mINFO [0;39m o.s.o.j.LocalContainerEntityManagerFactoryBean - Initialized JPA EntityManagerFactory for persistence unit 'default'
[2024-12-11 22:42:20:2062] [32m[main][0;39m [] [34mINFO [0;39m o.s.d.j.r.q.QueryEnhancerFactory - Hibernate is in classpath; If applicable, HQL parser will be used.
[2024-12-11 22:42:20:2483] [32m[main][0;39m [] [34mINFO [0;39m o.s.b.a.w.s.WelcomePageHandlerMapping - Adding welcome page template: index
[2024-12-11 22:42:20:2541] [32m[main][0;39m [] [34mINFO [0;39m o.s.s.w.DefaultSecurityFilterChain - Will secure any request with [org.springframework.security.web.session.DisableEncodeUrlFilter@6a56a99a, org.springframework.security.web.session.ForceEagerSessionCreationFilter@1d900d84, org.springframework.security.web.context.request.async.WebAsyncManagerIntegrationFilter@3e13f2c8, org.springframework.security.web.context.SecurityContextHolderFilter@2ece1629, org.springframework.security.web.header.HeaderWriterFilter@29d409e5, org.springframework.web.filter.CorsFilter@64a16a10, org.springframework.security.web.authentication.logout.LogoutFilter@63f38fb1, shppingmall.commerce.global.filter.session.CustomLoginFilter@3b641567, org.springframework.security.web.savedrequest.RequestCacheAwareFilter@329e6700, org.springframework.security.web.servletapi.SecurityContextHolderAwareRequestFilter@3fd9c5db, org.springframework.security.web.authentication.AnonymousAuthenticationFilter@2685c3a2, org.springframework.security.web.session.SessionManagementFilter@cb4999d, org.springframework.security.web.access.ExceptionTranslationFilter@61e8fbfc, org.springframework.security.web.access.intercept.AuthorizationFilter@48f7f8cc]
[2024-12-11 22:42:20:2663] [32m[main][0;39m [] [34mINFO [0;39m o.a.c.h.Http11NioProtocol - Starting ProtocolHandler ["http-nio-8080"]
[2024-12-11 22:42:20:2670] [32m[main][0;39m [] [34mINFO [0;39m o.s.b.w.e.t.TomcatWebServer - Tomcat started on port(s): 8080 (http) with context path ''
[2024-12-11 22:42:20:2677] [32m[main][0;39m [] [34mINFO [0;39m s.c.CommerceApplication - Started CommerceApplication in 2.631 seconds (process running for 2.836)
[2024-12-11 22:43:09:50786] [32m[http-nio-8080-exec-1][0;39m [] [34mINFO [0;39m o.a.c.c.C.[.[.[/] - Initializing Spring DispatcherServlet 'dispatcherServlet'
[2024-12-11 22:43:09:50786] [32m[http-nio-8080-exec-1][0;39m [] [34mINFO [0;39m o.s.w.s.DispatcherServlet - Initializing Servlet 'dispatcherServlet'
[2024-12-11 22:43:09:50787] [32m[http-nio-8080-exec-1][0;39m [] [34mINFO [0;39m o.s.w.s.DispatcherServlet - Completed initialization in 1 ms
[2024-12-11 22:43:09:51080] [32m[http-nio-8080-exec-1][0;39m [] [34mINFO [0;39m p6spy - #1733924589368 | took 1ms | statement | connection 2| url jdbc:mysql://localhost:3306/ShoppingMall?useSSL=false&allowPublicKeyRetrieval=true&characterEncoding=UTF-8&serverTimezone=UTC
select u1_0.user_id,u1_0.email,u1_0.user_name,u1_0.password,u1_0.user_role from user u1_0 where u1_0.email=?
select u1_0.user_id,u1_0.email,u1_0.user_name,u1_0.password,u1_0.user_role from user u1_0 where u1_0.email='eodnjs222@naver.com';
[2024-12-11 22:43:09:51180] [32m[http-nio-8080-exec-1][0;39m [d7822b7f] [34mINFO [0;39m s.c.g.f.ReqResLoggingFilter - |
|[REQUEST] POST - /api/v1/auth/login 200 - 0.381
|>>HEADERS : {content-length=64, cookie=JSESSIONID=NGQ5ZGVjZTgtNGY3Ni00ZDEyLWE2ZjQtMGVmNWFmNzlkNTA2, postman-token=de4342c3-efd9-4082-a8b0-2f70cdb8f84f, host=localhost:8080, content-type=application/json, connection=keep-alive, accept-encoding=gzip, deflate, br, user-agent=PostmanRuntime/7.43.0, accept=*/*}
|>>REQUEST PARAMS : {}
|>>REQUEST BODY : {
  "email" : "eodnjs222@naver.com",
  "password" : "1234"
}
|>>RESPONSE BODY : Login Success

[2024-12-11 22:48:02:343924] [32m[SpringApplicationShutdownHook][0;39m [] [34mINFO [0;39m o.s.o.j.LocalContainerEntityManagerFactoryBean - Closing JPA EntityManagerFactory for persistence unit 'default'
[2024-12-11 22:48:02:343926] [32m[SpringApplicationShutdownHook][0;39m [] [34mINFO [0;39m c.z.h.HikariDataSource - HikariPool-1 - Shutdown initiated...
[2024-12-11 22:48:02:343930] [32m[SpringApplicationShutdownHook][0;39m [] [34mINFO [0;39m c.z.h.HikariDataSource - HikariPool-1 - Shutdown completed.
[2024-12-11 22:48:03:234 ] [32m[background-preinit][0;39m [] [34mINFO [0;39m o.h.v.i.u.Version - HV000001: Hibernate Validator 8.0.1.Final
[2024-12-11 22:48:03:250 ] [32m[main][0;39m [] [34mINFO [0;39m s.c.CommerceApplication - Starting CommerceApplication using Java 17.0.12 with PID 9366 (/Users/daewon/Study/Project/ShoppingMall_Commerce/shoppingmall/build/classes/java/main started by daewon in /Users/daewon/Study/Project/ShoppingMall_Commerce/shoppingmall)
[2024-12-11 22:48:03:251 ] [32m[main][0;39m [] [34mINFO [0;39m s.c.CommerceApplication - The following 1 profile is active: "dev"
[2024-12-11 22:48:04:557 ] [32m[main][0;39m [] [34mINFO [0;39m o.s.d.r.c.RepositoryConfigurationDelegate - Multiple Spring Data modules found, entering strict repository configuration mode
[2024-12-11 22:48:04:557 ] [32m[main][0;39m [] [34mINFO [0;39m o.s.d.r.c.RepositoryConfigurationDelegate - Bootstrapping Spring Data JPA repositories in DEFAULT mode.
[2024-12-11 22:48:04:644 ] [32m[main][0;39m [] [34mINFO [0;39m o.s.d.r.c.RepositoryConfigurationDelegate - Finished Spring Data repository scanning in 84 ms. Found 11 JPA repository interfaces.
[2024-12-11 22:48:04:652 ] [32m[main][0;39m [] [34mINFO [0;39m o.s.d.r.c.RepositoryConfigurationDelegate - Multiple Spring Data modules found, entering strict repository configuration mode
[2024-12-11 22:48:04:652 ] [32m[main][0;39m [] [34mINFO [0;39m o.s.d.r.c.RepositoryConfigurationDelegate - Bootstrapping Spring Data Redis repositories in DEFAULT mode.
[2024-12-11 22:48:04:661 ] [32m[main][0;39m [] [34mINFO [0;39m o.s.d.r.c.RepositoryConfigurationExtensionSupport - Spring Data Redis - Could not safely identify store assignment for repository candidate interface shppingmall.commerce.cart.repository.CartProductRepository; If you want this repository to be a Redis repository, consider annotating your entities with one of these annotations: org.springframework.data.redis.core.RedisHash (preferred), or consider extending one of the following types with your repository: org.springframework.data.keyvalue.repository.KeyValueRepository
[2024-12-11 22:48:04:661 ] [32m[main][0;39m [] [34mINFO [0;39m o.s.d.r.c.RepositoryConfigurationExtensionSupport - Spring Data Redis - Could not safely identify store assignment for repository candidate interface shppingmall.commerce.cart.repository.CartRepository; If you want this repository to be a Redis repository, consider annotating your entities with one of these annotations: org.springframework.data.redis.core.RedisHash (preferred), or consider extending one of the following types with your repository: org.springframework.data.keyvalue.repository.KeyValueRepository
[2024-12-11 22:48:04:661 ] [32m[main][0;39m [] [34mINFO [0;39m o.s.d.r.c.RepositoryConfigurationExtensionSupport - Spring Data Redis - Could not safely identify store assignment for repository candidate interface shppingmall.commerce.category.repository.CategoryRepository; If you want this repository to be a Redis repository, consider annotating your entities with one of these annotations: org.springframework.data.redis.core.RedisHash (preferred), or consider extending one of the following types with your repository: org.springframework.data.keyvalue.repository.KeyValueRepository
[2024-12-11 22:48:04:661 ] [32m[main][0;39m [] [34mINFO [0;39m o.s.d.r.c.RepositoryConfigurationExtensionSupport - Spring Data Redis - Could not safely identify store assignment for repository candidate interface shppingmall.commerce.chat.repository.MessageRepository; If you want this repository to be a Redis repository, consider annotating your entities with one of these annotations: org.springframework.data.redis.core.RedisHash (preferred), or consider extending one of the following types with your repository: org.springframework.data.keyvalue.repository.KeyValueRepository
[2024-12-11 22:48:04:661 ] [32m[main][0;39m [] [34mINFO [0;39m o.s.d.r.c.RepositoryConfigurationExtensionSupport - Spring Data Redis - Could not safely identify store assignment for repository candidate interface shppingmall.commerce.image.repository.ImageRepository; If you want this repository to be a Redis repository, consider annotating your entities with one of these annotations: org.springframework.data.redis.core.RedisHash (preferred), or consider extending one of the following types with your repository: org.springframework.data.keyvalue.repository.KeyValueRepository
[2024-12-11 22:48:04:661 ] [32m[main][0;39m [] [34mINFO [0;39m o.s.d.r.c.RepositoryConfigurationExtensionSupport - Spring Data Redis - Could not safely identify store assignment for repository candidate interface shppingmall.commerce.message.repository.ChatRoomRepository; If you want this repository to be a Redis repository, consider annotating your entities with one of these annotations: org.springframework.data.redis.core.RedisHash (preferred), or consider extending one of the following types with your repository: org.springframework.data.keyvalue.repository.KeyValueRepository
[2024-12-11 22:48:04:662 ] [32m[main][0;39m [] [34mINFO [0;39m o.s.d.r.c.RepositoryConfigurationExtensionSupport - Spring Data Redis - Could not safely identify store assignment for repository candidate interface shppingmall.commerce.order.repository.OrderProductRepository; If you want this repository to be a Redis repository, consider annotating your entities with one of these annotations: org.springframework.data.redis.core.RedisHash (preferred), or consider extending one of the following types with your repository: org.springframework.data.keyvalue.repository.KeyValueRepository
[2024-12-11 22:48:04:662 ] [32m[main][0;39m [] [34mINFO [0;39m o.s.d.r.c.RepositoryConfigurationExtensionSupport - Spring Data Redis - Could not safely identify store assignment for repository candidate interface shppingmall.commerce.order.repository.OrderRepository; If you want this repository to be a Redis repository, consider annotating your entities with one of these annotations: org.springframework.data.redis.core.RedisHash (preferred), or consider extending one of the following types with your repository: org.springframework.data.keyvalue.repository.KeyValueRepository
[2024-12-11 22:48:04:662 ] [32m[main][0;39m [] [34mINFO [0;39m o.s.d.r.c.RepositoryConfigurationExtensionSupport - Spring Data Redis - Could not safely identify store assignment for repository candidate interface shppingmall.commerce.payment.repository.PaymentRepository; If you want this repository to be a Redis repository, consider annotating your entities with one of these annotations: org.springframework.data.redis.core.RedisHash (preferred), or consider extending one of the following types with your repository: org.springframework.data.keyvalue.repository.KeyValueRepository
[2024-12-11 22:48:04:662 ] [32m[main][0;39m [] [34mINFO [0;39m o.s.d.r.c.RepositoryConfigurationExtensionSupport - Spring Data Redis - Could not safely identify store assignment for repository candidate interface shppingmall.commerce.product.repository.ProductRepository; If you want this repository to be a Redis repository, consider annotating your entities with one of these annotations: org.springframework.data.redis.core.RedisHash (preferred), or consider extending one of the following types with your repository: org.springframework.data.keyvalue.repository.KeyValueRepository
[2024-12-11 22:48:04:662 ] [32m[main][0;39m [] [34mINFO [0;39m o.s.d.r.c.RepositoryConfigurationExtensionSupport - Spring Data Redis - Could not safely identify store assignment for repository candidate interface shppingmall.commerce.user.repository.UserRepository; If you want this repository to be a Redis repository, consider annotating your entities with one of these annotations: org.springframework.data.redis.core.RedisHash (preferred), or consider extending one of the following types with your repository: org.springframework.data.keyvalue.repository.KeyValueRepository
[2024-12-11 22:48:04:662 ] [32m[main][0;39m [] [34mINFO [0;39m o.s.d.r.c.RepositoryConfigurationDelegate - Finished Spring Data repository scanning in 7 ms. Found 0 Redis repository interfaces.
[2024-12-11 22:48:04:761 ] [32m[main][0;39m [] [34mINFO [0;39m o.s.c.c.s.GenericScope - BeanFactory id=862a42f8-fd9b-3220-8543-694188d4211c
[2024-12-11 22:48:04:796 ] [32m[main][0;39m [] [34mINFO [0;39m o.s.c.s.PostProcessorRegistrationDelegate$BeanPostProcessorChecker - Bean 'shppingmall.commerce.payment.feign.PaymentClient' of type [org.springframework.cloud.openfeign.FeignClientFactoryBean] is not eligible for getting processed by all BeanPostProcessors (for example: not eligible for auto-proxying)
[2024-12-11 22:48:04:915 ] [32m[main][0;39m [] [34mINFO [0;39m o.s.b.w.e.t.TomcatWebServer - Tomcat initialized with port(s): 9090 (http)
[2024-12-11 22:48:04:918 ] [32m[main][0;39m [] [34mINFO [0;39m o.a.c.h.Http11NioProtocol - Initializing ProtocolHandler ["http-nio-9090"]
[2024-12-11 22:48:04:919 ] [32m[main][0;39m [] [34mINFO [0;39m o.a.c.c.StandardService - Starting service [Tomcat]
[2024-12-11 22:48:04:919 ] [32m[main][0;39m [] [34mINFO [0;39m o.a.c.c.StandardEngine - Starting Servlet engine: [Apache Tomcat/10.1.20]
[2024-12-11 22:48:04:963 ] [32m[main][0;39m [] [34mINFO [0;39m o.a.c.c.C.[.[.[/] - Initializing Spring embedded WebApplicationContext
[2024-12-11 22:48:04:963 ] [32m[main][0;39m [] [34mINFO [0;39m o.s.b.w.s.c.ServletWebServerApplicationContext - Root WebApplicationContext: initialization completed in 696 ms
[2024-12-11 22:48:04:1342] [32m[main][0;39m [] [34mINFO [0;39m o.h.j.i.u.LogHelper - HHH000204: Processing PersistenceUnitInfo [name: default]
[2024-12-11 22:48:04:1359] [32m[main][0;39m [] [34mINFO [0;39m o.h.Version - HHH000412: Hibernate ORM core version 6.2.24.Final
[2024-12-11 22:48:04:1359] [32m[main][0;39m [] [34mINFO [0;39m o.h.c.Environment - HHH000406: Using bytecode reflection optimizer
[2024-12-11 22:48:04:1448] [32m[main][0;39m [] [34mINFO [0;39m o.s.o.j.p.SpringPersistenceUnitInfo - No LoadTimeWeaver setup: ignoring JPA class transformer
[2024-12-11 22:48:04:1457] [32m[main][0;39m [] [34mINFO [0;39m c.z.h.HikariDataSource - HikariPool-1 - Starting...
[2024-12-11 22:48:04:1516] [32m[main][0;39m [] [34mINFO [0;39m c.z.h.p.HikariPool - HikariPool-1 - Added connection com.mysql.cj.jdbc.ConnectionImpl@46610fc9
[2024-12-11 22:48:04:1517] [32m[main][0;39m [] [34mINFO [0;39m c.z.h.HikariDataSource - HikariPool-1 - Start completed.
[2024-12-11 22:48:05:1935] [32m[main][0;39m [] [34mINFO [0;39m o.h.e.t.j.p.i.JtaPlatformInitiator - HHH000489: No JTA platform available (set 'hibernate.transaction.jta.platform' to enable JTA platform integration)
[2024-12-11 22:48:05:1970] [32m[main][0;39m [] [34mINFO [0;39m p6spy - #1733924885444 | took 1ms | statement | connection 1| url jdbc:mysql://localhost:3306/ShoppingMall?useSSL=false&allowPublicKeyRetrieval=true&characterEncoding=UTF-8&serverTimezone=UTC
select * from `ShoppingMall`.`user` where 1=0
select * from `ShoppingMall`.`user` where 1=0;
[2024-12-11 22:48:05:1977] [32m[main][0;39m [] [34mINFO [0;39m p6spy - #1733924885451 | took 0ms | statement | connection 1| url jdbc:mysql://localhost:3306/ShoppingMall?useSSL=false&allowPublicKeyRetrieval=true&characterEncoding=UTF-8&serverTimezone=UTC
select * from `ShoppingMall`.`cart` where 1=0
select * from `ShoppingMall`.`cart` where 1=0;
[2024-12-11 22:48:05:1978] [32m[main][0;39m [] [34mINFO [0;39m p6spy - #1733924885452 | took 0ms | statement | connection 1| url jdbc:mysql://localhost:3306/ShoppingMall?useSSL=false&allowPublicKeyRetrieval=true&characterEncoding=UTF-8&serverTimezone=UTC
select * from `ShoppingMall`.`product` where 1=0
select * from `ShoppingMall`.`product` where 1=0;
[2024-12-11 22:48:05:1982] [32m[main][0;39m [] [34mINFO [0;39m p6spy - #1733924885456 | took 0ms | statement | connection 1| url jdbc:mysql://localhost:3306/ShoppingMall?useSSL=false&allowPublicKeyRetrieval=true&characterEncoding=UTF-8&serverTimezone=UTC
select * from `ShoppingMall`.`product` where 1=0
select * from `ShoppingMall`.`product` where 1=0;
[2024-12-11 22:48:05:1983] [32m[main][0;39m [] [34mINFO [0;39m p6spy - #1733924885457 | took 0ms | statement | connection 1| url jdbc:mysql://localhost:3306/ShoppingMall?useSSL=false&allowPublicKeyRetrieval=true&characterEncoding=UTF-8&serverTimezone=UTC
select * from `ShoppingMall`.`user` where 1=0
select * from `ShoppingMall`.`user` where 1=0;
[2024-12-11 22:48:05:1984] [32m[main][0;39m [] [34mINFO [0;39m p6spy - #1733924885458 | took 0ms | statement | connection 1| url jdbc:mysql://localhost:3306/ShoppingMall?useSSL=false&allowPublicKeyRetrieval=true&characterEncoding=UTF-8&serverTimezone=UTC
select * from `ShoppingMall`.`user` where 1=0
select * from `ShoppingMall`.`user` where 1=0;
[2024-12-11 22:48:05:1987] [32m[main][0;39m [] [34mINFO [0;39m p6spy - #1733924885461 | took 0ms | statement | connection 1| url jdbc:mysql://localhost:3306/ShoppingMall?useSSL=false&allowPublicKeyRetrieval=true&characterEncoding=UTF-8&serverTimezone=UTC
select * from `ShoppingMall`.`chat_room` where 1=0
select * from `ShoppingMall`.`chat_room` where 1=0;
[2024-12-11 22:48:05:1989] [32m[main][0;39m [] [34mINFO [0;39m p6spy - #1733924885463 | took 0ms | statement | connection 1| url jdbc:mysql://localhost:3306/ShoppingMall?useSSL=false&allowPublicKeyRetrieval=true&characterEncoding=UTF-8&serverTimezone=UTC
select * from `ShoppingMall`.`user` where 1=0
select * from `ShoppingMall`.`user` where 1=0;
[2024-12-11 22:48:05:1992] [32m[main][0;39m [] [34mINFO [0;39m p6spy - #1733924885466 | took 0ms | statement | connection 1| url jdbc:mysql://localhost:3306/ShoppingMall?useSSL=false&allowPublicKeyRetrieval=true&characterEncoding=UTF-8&serverTimezone=UTC
select * from `ShoppingMall`.`orders` where 1=0
select * from `ShoppingMall`.`orders` where 1=0;
[2024-12-11 22:48:05:1993] [32m[main][0;39m [] [34mINFO [0;39m p6spy - #1733924885467 | took 0ms | statement | connection 1| url jdbc:mysql://localhost:3306/ShoppingMall?useSSL=false&allowPublicKeyRetrieval=true&characterEncoding=UTF-8&serverTimezone=UTC
select * from `ShoppingMall`.`product` where 1=0
select * from `ShoppingMall`.`product` where 1=0;
[2024-12-11 22:48:05:1996] [32m[main][0;39m [] [34mINFO [0;39m p6spy - #1733924885470 | took 0ms | statement | connection 1| url jdbc:mysql://localhost:3306/ShoppingMall?useSSL=false&allowPublicKeyRetrieval=true&characterEncoding=UTF-8&serverTimezone=UTC
select * from `ShoppingMall`.`cart` where 1=0
select * from `ShoppingMall`.`cart` where 1=0;
[2024-12-11 22:48:05:1998] [32m[main][0;39m [] [34mINFO [0;39m p6spy - #1733924885472 | took 0ms | statement | connection 1| url jdbc:mysql://localhost:3306/ShoppingMall?useSSL=false&allowPublicKeyRetrieval=true&characterEncoding=UTF-8&serverTimezone=UTC
select * from `ShoppingMall`.`user` where 1=0
select * from `ShoppingMall`.`user` where 1=0;
[2024-12-11 22:48:05:2001] [32m[main][0;39m [] [34mINFO [0;39m p6spy - #1733924885475 | took 0ms | statement | connection 1| url jdbc:mysql://localhost:3306/ShoppingMall?useSSL=false&allowPublicKeyRetrieval=true&characterEncoding=UTF-8&serverTimezone=UTC
select * from `ShoppingMall`.`category` where 1=0
select * from `ShoppingMall`.`category` where 1=0;
[2024-12-11 22:48:05:2002] [32m[main][0;39m [] [34mINFO [0;39m p6spy - #1733924885476 | took 0ms | statement | connection 1| url jdbc:mysql://localhost:3306/ShoppingMall?useSSL=false&allowPublicKeyRetrieval=true&characterEncoding=UTF-8&serverTimezone=UTC
select * from `ShoppingMall`.`user` where 1=0
select * from `ShoppingMall`.`user` where 1=0;
[2024-12-11 22:48:05:2005] [32m[main][0;39m [] [34mINFO [0;39m p6spy - #1733924885479 | took 0ms | statement | connection 1| url jdbc:mysql://localhost:3306/ShoppingMall?useSSL=false&allowPublicKeyRetrieval=true&characterEncoding=UTF-8&serverTimezone=UTC
select * from `ShoppingMall`.`orders` where 1=0
select * from `ShoppingMall`.`orders` where 1=0;
[2024-12-11 22:48:05:2006] [32m[main][0;39m [] [34mINFO [0;39m o.s.o.j.LocalContainerEntityManagerFactoryBean - Initialized JPA EntityManagerFactory for persistence unit 'default'
[2024-12-11 22:48:05:2124] [32m[main][0;39m [] [34mINFO [0;39m o.s.d.j.r.q.QueryEnhancerFactory - Hibernate is in classpath; If applicable, HQL parser will be used.
[2024-12-11 22:48:06:2543] [32m[main][0;39m [] [34mINFO [0;39m o.s.b.a.w.s.WelcomePageHandlerMapping - Adding welcome page template: index
[2024-12-11 22:48:06:2600] [32m[main][0;39m [] [34mINFO [0;39m o.s.s.w.DefaultSecurityFilterChain - Will secure any request with [org.springframework.security.web.session.DisableEncodeUrlFilter@7bfb5147, org.springframework.security.web.session.ForceEagerSessionCreationFilter@7352cf80, org.springframework.security.web.context.request.async.WebAsyncManagerIntegrationFilter@64a27d27, org.springframework.security.web.context.SecurityContextHolderFilter@668b1faf, org.springframework.security.web.header.HeaderWriterFilter@440e28fa, org.springframework.web.filter.CorsFilter@4f407424, org.springframework.security.web.authentication.logout.LogoutFilter@6fe40fa8, shppingmall.commerce.global.filter.session.CustomLoginFilter@6e9065e2, org.springframework.security.web.savedrequest.RequestCacheAwareFilter@3610b408, org.springframework.security.web.servletapi.SecurityContextHolderAwareRequestFilter@2a4a3668, org.springframework.security.web.authentication.AnonymousAuthenticationFilter@bdb997f, org.springframework.security.web.session.SessionManagementFilter@7e3e1b7b, org.springframework.security.web.access.ExceptionTranslationFilter@58178c5e, org.springframework.security.web.access.intercept.AuthorizationFilter@7a1f008]
[2024-12-11 22:48:06:2727] [32m[main][0;39m [] [34mINFO [0;39m o.a.c.h.Http11NioProtocol - Starting ProtocolHandler ["http-nio-9090"]
[2024-12-11 22:48:06:2734] [32m[main][0;39m [] [34mINFO [0;39m o.s.b.w.e.t.TomcatWebServer - Tomcat started on port(s): 9090 (http) with context path ''
[2024-12-11 22:48:06:2741] [32m[main][0;39m [] [34mINFO [0;39m s.c.CommerceApplication - Started CommerceApplication in 2.694 seconds (process running for 2.894)
[2024-12-11 22:48:14:11414] [32m[http-nio-9090-exec-1][0;39m [] [34mINFO [0;39m o.a.c.c.C.[.[.[/] - Initializing Spring DispatcherServlet 'dispatcherServlet'
[2024-12-11 22:48:14:11414] [32m[http-nio-9090-exec-1][0;39m [] [34mINFO [0;39m o.s.w.s.DispatcherServlet - Initializing Servlet 'dispatcherServlet'
[2024-12-11 22:48:14:11415] [32m[http-nio-9090-exec-1][0;39m [] [34mINFO [0;39m o.s.w.s.DispatcherServlet - Completed initialization in 1 ms
[2024-12-11 22:48:15:11725] [32m[http-nio-9090-exec-1][0;39m [] [34mINFO [0;39m p6spy - #1733924895199 | took 0ms | statement | connection 2| url jdbc:mysql://localhost:3306/ShoppingMall?useSSL=false&allowPublicKeyRetrieval=true&characterEncoding=UTF-8&serverTimezone=UTC
select u1_0.user_id,u1_0.email,u1_0.user_name,u1_0.password,u1_0.user_role from user u1_0 where u1_0.email=?
select u1_0.user_id,u1_0.email,u1_0.user_name,u1_0.password,u1_0.user_role from user u1_0 where u1_0.email='eodnjs222@naver.com';
[2024-12-11 22:48:15:11829] [32m[http-nio-9090-exec-1][0;39m [b36b3d5b] [34mINFO [0;39m s.c.g.f.ReqResLoggingFilter - |
|[REQUEST] POST - /api/v1/auth/login 200 - 0.4
|>>HEADERS : {content-length=64, cookie=JSESSIONID=NGQ5ZGVjZTgtNGY3Ni00ZDEyLWE2ZjQtMGVmNWFmNzlkNTA2, postman-token=16ee5e9e-4839-45a1-94ef-382d19979bd9, host=localhost:9090, content-type=application/json, connection=keep-alive, accept-encoding=gzip, deflate, br, user-agent=PostmanRuntime/7.43.0, accept=*/*}
|>>REQUEST PARAMS : {}
|>>REQUEST BODY : {
  "email" : "eodnjs222@naver.com",
  "password" : "1234"
}
|>>RESPONSE BODY : Login Success

[2024-12-11 22:48:28:24553] [32m[SpringApplicationShutdownHook][0;39m [] [34mINFO [0;39m o.s.o.j.LocalContainerEntityManagerFactoryBean - Closing JPA EntityManagerFactory for persistence unit 'default'
[2024-12-11 22:48:28:24555] [32m[SpringApplicationShutdownHook][0;39m [] [34mINFO [0;39m c.z.h.HikariDataSource - HikariPool-1 - Shutdown initiated...
[2024-12-11 22:48:28:24559] [32m[SpringApplicationShutdownHook][0;39m [] [34mINFO [0;39m c.z.h.HikariDataSource - HikariPool-1 - Shutdown completed.
